Using pre-set license
Built from '2020.3/staging' branch; Version is '2020.3.8f1 (507919d4fff5) revision 5273881'; Using compiler version '192528614'; Build Type 'Release'
OS: 'Windows 10 Home Single Language; OS build 19043.1110; Version 2009; 64bit' Language: 'tr' Physical Memory: 16267 MB
BatchMode: 1, IsHumanControllingUs: 0, StartBugReporterOnCrash: 0, Is64bit: 1, IsPro: 0

 COMMAND LINE ARGUMENTS:
C:\Users\asus\Desktop\Unity\2020.3.8f1\Editor\Unity.exe
-adb2
-batchMode
-noUpm
-name
AssetImportWorker0
-projectPath
C:/Users/asus/OneDrive/Belgeler/GitHub/Zombie-Runner1
-logFile
Logs/AssetImportWorker0.log
-srvPort
55115
Successfully changed project path to: C:/Users/asus/OneDrive/Belgeler/GitHub/Zombie-Runner1
C:/Users/asus/OneDrive/Belgeler/GitHub/Zombie-Runner1
Using Asset Import Pipeline V2.
Refreshing native plugins compatible for Editor in 40.36 ms, found 3 plugins.
Preloading 0 native plugins for Editor in 0.00 ms.
Initialize engine version: 2020.3.8f1 (507919d4fff5)
[Subsystems] Discovering subsystems at path C:/Users/asus/Desktop/Unity/2020.3.8f1/Editor/Data/Resources/UnitySubsystems
[Subsystems] Discovering subsystems at path C:/Users/asus/OneDrive/Belgeler/GitHub/Zombie-Runner1/Assets
GfxDevice: creating device client; threaded=0
Direct3D:
    Version:  Direct3D 11.0 [level 11.0]
    Renderer: NVIDIA GeForce GTX 850M (ID=0x1391)
    Vendor:   
    VRAM:     4055 MB
Initialize mono
Mono path[0] = 'C:/Users/asus/Desktop/Unity/2020.3.8f1/Editor/Data/Managed'
Mono path[1] = 'C:/Users/asus/Desktop/Unity/2020.3.8f1/Editor/Data/MonoBleedingEdge/lib/mono/unityjit'
Mono config path = 'C:/Users/asus/Desktop/Unity/2020.3.8f1/Editor/Data/MonoBleedingEdge/etc'
Using monoOptions --debugger-agent=transport=dt_socket,embedding=1,server=y,suspend=n,address=127.0.0.1:56300
Begin MonoManager ReloadAssembly
Registering precompiled unity dll's ...
Register platform support module: C:/Users/asus/Desktop/Unity/2020.3.8f1/Editor/Data/PlaybackEngines/WindowsStandaloneSupport/UnityEditor.WindowsStandalone.Extensions.dll
Registered in 0.002328 seconds.
Native extension for WindowsStandalone target not found
Refreshing native plugins compatible for Editor in 37.98 ms, found 3 plugins.
Preloading 0 native plugins for Editor in 0.00 ms.
Mono: successfully reloaded assembly
- Completed reload, in  2.346 seconds
Platform modules already initialized, skipping
Registering precompiled user dll's ...
Registered in 0.001831 seconds.
Begin MonoManager ReloadAssembly
Native extension for WindowsStandalone target not found
Refreshing native plugins compatible for Editor in 0.40 ms, found 3 plugins.
Preloading 0 native plugins for Editor in 0.00 ms.
Mono: successfully reloaded assembly
- Completed reload, in  1.119 seconds
Platform modules already initialized, skipping
========================================================================
Worker process is ready to serve import requests
Launched and connected shader compiler UnityShaderCompiler.exe after 0.35 seconds
Refreshing native plugins compatible for Editor in 0.41 ms, found 3 plugins.
Preloading 0 native plugins for Editor in 0.00 ms.
Unloading 1380 Unused Serialized files (Serialized files now loaded: 0)
System memory in use before: 74.6 MB.
System memory in use after: 74.3 MB.

Unloading 19 unused Assets to reduce memory usage. Loaded Objects now: 1820.
Total: 2.571900 ms (FindLiveObjects: 0.195500 ms CreateObjectMapping: 0.055600 ms MarkObjects: 1.896400 ms  DeleteObjects: 0.423400 ms)

========================================================================
Received Import Request.
  path: Assets/Prefabs/Enemy.prefab
  artifactKey: Guid(555bdaa30562c3f42b7e3a51f92988a4) Importer(815301076,1909f56bfc062723c751e8b465ee728b)
Start importing Assets/Prefabs/Enemy.prefab using Guid(555bdaa30562c3f42b7e3a51f92988a4) Importer(815301076,1909f56bfc062723c751e8b465ee728b)  -> (artifact id: '7ebddb849dc3a7bd381bd2791ab99cf9') in 0.142966 seconds
  Import took 0.145743 seconds .

========================================================================
Received Import Request.
  Time since last request: 549.716356 seconds.
  path: Assets/stylized 3d gun/modls/gun telescope.fbx
  artifactKey: Guid(06fe9d2970558f94099391412c2d1558) Importer(815301076,1909f56bfc062723c751e8b465ee728b)
Start importing Assets/stylized 3d gun/modls/gun telescope.fbx using Guid(06fe9d2970558f94099391412c2d1558) Importer(815301076,1909f56bfc062723c751e8b465ee728b)  -> (artifact id: 'a61ba62da93faafe19c09ca5af9fe132') in 0.175767 seconds
  Import took 0.179812 seconds .

========================================================================
Received Import Request.
  Time since last request: 0.000312 seconds.
  path: Assets/stylized 3d gun/modls/WEABEN 10.fbx
  artifactKey: Guid(526b93a013c32a54896e0639391c92e6) Importer(815301076,1909f56bfc062723c751e8b465ee728b)
Start importing Assets/stylized 3d gun/modls/WEABEN 10.fbx using Guid(526b93a013c32a54896e0639391c92e6) Importer(815301076,1909f56bfc062723c751e8b465ee728b)  -> (artifact id: 'ab3c5d037f9ff97798311202d6139de8') in 0.119491 seconds
  Import took 0.122543 seconds .

========================================================================
Received Import Request.
  Time since last request: 0.000262 seconds.
  path: Assets/stylized 3d gun/modls/shoot.fbx
  artifactKey: Guid(c31794d80047b1a46a4424df8a1823cf) Importer(815301076,1909f56bfc062723c751e8b465ee728b)
Start importing Assets/stylized 3d gun/modls/shoot.fbx using Guid(c31794d80047b1a46a4424df8a1823cf) Importer(815301076,1909f56bfc062723c751e8b465ee728b)  -> (artifact id: '60ed07541102b03916b1c2d07ebb749c') in 0.025029 seconds
  Import took 0.027854 seconds .

========================================================================
Received Import Request.
  Time since last request: 0.831302 seconds.
  path: Assets/stylized 3d gun/material/glasse.mat
  artifactKey: Guid(a0eb8b85eb0e1fb43b24e0a388211ab7) Importer(815301076,1909f56bfc062723c751e8b465ee728b)
Start importing Assets/stylized 3d gun/material/glasse.mat using Guid(a0eb8b85eb0e1fb43b24e0a388211ab7) Importer(815301076,1909f56bfc062723c751e8b465ee728b)  -> (artifact id: '38bbb2c79b083fa2be334f838465054f') in 0.078397 seconds
  Import took 0.081500 seconds .

========================================================================
Received Import Request.
  Time since last request: 0.000290 seconds.
  path: Assets/stylized 3d gun/material/shoot.mat
  artifactKey: Guid(204e2ac1d0da6ff4189800fc16b4830b) Importer(815301076,1909f56bfc062723c751e8b465ee728b)
Start importing Assets/stylized 3d gun/material/shoot.mat using Guid(204e2ac1d0da6ff4189800fc16b4830b) Importer(815301076,1909f56bfc062723c751e8b465ee728b)  -> (artifact id: '11f2bec5f64e238b88769899b9b6bc60') in 0.016244 seconds
  Import took 0.018851 seconds .

========================================================================
Received Import Request.
  Time since last request: 0.000249 seconds.
  path: Assets/stylized 3d gun/material/weapon.mat
  artifactKey: Guid(273cb0b1e3b4fa843b09601b3ad23a94) Importer(815301076,1909f56bfc062723c751e8b465ee728b)
Start importing Assets/stylized 3d gun/material/weapon.mat using Guid(273cb0b1e3b4fa843b09601b3ad23a94) Importer(815301076,1909f56bfc062723c751e8b465ee728b)  -> (artifact id: '1d95b1834d8f65a726b1803f1b2ccb82') in 0.023200 seconds
  Import took 0.026597 seconds .

========================================================================
Received Import Request.
  Time since last request: 1.927812 seconds.
  path: Assets/stylized 3d gun/texture/GUN_BaseColor.png
  artifactKey: Guid(467c921366f35fa4eaa202d8758e0f5e) Importer(815301076,1909f56bfc062723c751e8b465ee728b)
Start importing Assets/stylized 3d gun/texture/GUN_BaseColor.png using Guid(467c921366f35fa4eaa202d8758e0f5e) Importer(815301076,1909f56bfc062723c751e8b465ee728b)  -> (artifact id: '9a1fa192e3c3bffda553350f2a4a47c9') in 0.052214 seconds
  Import took 0.055283 seconds .

========================================================================
Received Import Request.
  Time since last request: 0.000244 seconds.
  path: Assets/stylized 3d gun/texture/SHOT_Metalness.png
  artifactKey: Guid(6f61f824c57e9fd42beb34f4cf5d365a) Importer(815301076,1909f56bfc062723c751e8b465ee728b)
Start importing Assets/stylized 3d gun/texture/SHOT_Metalness.png using Guid(6f61f824c57e9fd42beb34f4cf5d365a) Importer(815301076,1909f56bfc062723c751e8b465ee728b)  -> (artifact id: '65ad48e5206f31260787b2e17873706f') in 0.014867 seconds
  Import took 0.017767 seconds .

========================================================================
Received Import Request.
  Time since last request: 0.000281 seconds.
  path: Assets/stylized 3d gun/texture/GUN_Normal.png
  artifactKey: Guid(c8ab6016733486f428ebe6df281cca9b) Importer(815301076,1909f56bfc062723c751e8b465ee728b)
Start importing Assets/stylized 3d gun/texture/GUN_Normal.png using Guid(c8ab6016733486f428ebe6df281cca9b) Importer(815301076,1909f56bfc062723c751e8b465ee728b)  -> (artifact id: '1b34f0ec19f34ebb8aad8406d38486ee') in 0.021233 seconds
  Import took 0.024928 seconds .

========================================================================
Received Import Request.
  Time since last request: 0.000280 seconds.
  path: Assets/stylized 3d gun/texture/GUN_Metalness.png
  artifactKey: Guid(0adc91dca380e0f46be3e1effb980cc7) Importer(815301076,1909f56bfc062723c751e8b465ee728b)
Start importing Assets/stylized 3d gun/texture/GUN_Metalness.png using Guid(0adc91dca380e0f46be3e1effb980cc7) Importer(815301076,1909f56bfc062723c751e8b465ee728b)  -> (artifact id: 'b09976db3310b1d1e110694f92de534d') in 0.013487 seconds
  Import took 0.017217 seconds .

========================================================================
Received Import Request.
  Time since last request: 0.000240 seconds.
  path: Assets/stylized 3d gun/texture/SHOT_BaseColor.png
  artifactKey: Guid(b3ce6ab0e6a76454fae333fdd444c85a) Importer(815301076,1909f56bfc062723c751e8b465ee728b)
Start importing Assets/stylized 3d gun/texture/SHOT_BaseColor.png using Guid(b3ce6ab0e6a76454fae333fdd444c85a) Importer(815301076,1909f56bfc062723c751e8b465ee728b)  -> (artifact id: 'e8674bffd83fa86747ec1c3a83fa7664') in 0.014895 seconds
  Import took 0.017863 seconds .

========================================================================
Received Import Request.
  Time since last request: 0.000245 seconds.
  path: Assets/stylized 3d gun/texture/SHOT_Normal.png
  artifactKey: Guid(e1c9f53df66b18141901692c95535ddb) Importer(815301076,1909f56bfc062723c751e8b465ee728b)
Start importing Assets/stylized 3d gun/texture/SHOT_Normal.png using Guid(e1c9f53df66b18141901692c95535ddb) Importer(815301076,1909f56bfc062723c751e8b465ee728b)  -> (artifact id: 'e74df61adf13cbd287acdf67232a5276') in 0.014886 seconds
  Import took 0.017467 seconds .

========================================================================
Received Prepare
Registering precompiled user dll's ...
Registered in 0.002740 seconds.
Begin MonoManager ReloadAssembly
Native extension for WindowsStandalone target not found
Refreshing native plugins compatible for Editor in 0.43 ms, found 3 plugins.
Preloading 0 native plugins for Editor in 0.00 ms.
Mono: successfully reloaded assembly
- Completed reload, in  1.067 seconds
Platform modules already initialized, skipping
Refreshing native plugins compatible for Editor in 0.47 ms, found 3 plugins.
Preloading 0 native plugins for Editor in 0.00 ms.
Unloading 1351 Unused Serialized files (Serialized files now loaded: 0)
System memory in use before: 75.7 MB.
System memory in use after: 75.4 MB.

Unloading 15 unused Assets to reduce memory usage. Loaded Objects now: 1871.
Total: 2.443300 ms (FindLiveObjects: 0.158700 ms CreateObjectMapping: 0.057800 ms MarkObjects: 1.818400 ms  DeleteObjects: 0.407400 ms)

========================================================================
Received Prepare
Registering precompiled user dll's ...
Registered in 0.001711 seconds.
Begin MonoManager ReloadAssembly
Native extension for WindowsStandalone target not found
Refreshing native plugins compatible for Editor in 0.44 ms, found 3 plugins.
Preloading 0 native plugins for Editor in 0.00 ms.
Mono: successfully reloaded assembly
- Completed reload, in  0.996 seconds
Platform modules already initialized, skipping
Refreshing native plugins compatible for Editor in 0.41 ms, found 3 plugins.
Preloading 0 native plugins for Editor in 0.00 ms.
Unloading 1351 Unused Serialized files (Serialized files now loaded: 0)
System memory in use before: 75.7 MB.
System memory in use after: 75.4 MB.

Unloading 14 unused Assets to reduce memory usage. Loaded Objects now: 1874.
Total: 2.712300 ms (FindLiveObjects: 0.196600 ms CreateObjectMapping: 0.051600 ms MarkObjects: 1.999000 ms  DeleteObjects: 0.464400 ms)

========================================================================
Received Import Request.
  Time since last request: 410.299319 seconds.
  path: Assets/stylized 3d gun/prefabs/WEABEN 10.prefab
  artifactKey: Guid(983d3c32751ffbf40b05493c52f50da9) Importer(815301076,1909f56bfc062723c751e8b465ee728b)
Start importing Assets/stylized 3d gun/prefabs/WEABEN 10.prefab using Guid(983d3c32751ffbf40b05493c52f50da9) Importer(815301076,1909f56bfc062723c751e8b465ee728b)  -> (artifact id: 'e85303bf0bdde5a01ef02d28446fdf67') in 0.124638 seconds
  Import took 0.131970 seconds .

========================================================================
Received Import Request.
  Time since last request: 360.229308 seconds.
  path: Assets/Standard Assets/2D/Sprites/BackgroundGreyGridSprite.png
  artifactKey: Guid(cbbabe9e292f5604897926494bb38fef) Importer(815301076,1909f56bfc062723c751e8b465ee728b)
Start importing Assets/Standard Assets/2D/Sprites/BackgroundGreyGridSprite.png using Guid(cbbabe9e292f5604897926494bb38fef) Importer(815301076,1909f56bfc062723c751e8b465ee728b)  -> (artifact id: 'ca0cd8afefb958741d5a1c007d4cf2ac') in 0.063089 seconds
  Import took 0.066810 seconds .

========================================================================
Received Import Request.
  Time since last request: 0.000240 seconds.
  path: Assets/Standard Assets/CrossPlatformInput/Sprites/ButtonBrakeUpSprite.png
  artifactKey: Guid(827c9cd4a3943534f909ac6473e17288) Importer(815301076,1909f56bfc062723c751e8b465ee728b)
Start importing Assets/Standard Assets/CrossPlatformInput/Sprites/ButtonBrakeUpSprite.png using Guid(827c9cd4a3943534f909ac6473e17288) Importer(815301076,1909f56bfc062723c751e8b465ee728b)  -> (artifact id: '8327c7d2eba0d76c5e955214298d6006') in 0.028866 seconds
  Import took 0.031323 seconds .

========================================================================
Received Import Request.
  Time since last request: 0.000223 seconds.
  path: Assets/Standard Assets/CrossPlatformInput/Sprites/ButtonArrowOverSprite.png
  artifactKey: Guid(49b611e658efbf443b686a4036f74fe3) Importer(815301076,1909f56bfc062723c751e8b465ee728b)
Start importing Assets/Standard Assets/CrossPlatformInput/Sprites/ButtonArrowOverSprite.png using Guid(49b611e658efbf443b686a4036f74fe3) Importer(815301076,1909f56bfc062723c751e8b465ee728b)  -> (artifact id: '4fe138bd5e7f35a5c50c236355e92ff9') in 0.031711 seconds
  Import took 0.035353 seconds .

========================================================================
Received Import Request.
  Time since last request: 0.000226 seconds.
  path: Assets/Standard Assets/CrossPlatformInput/Sprites/ButtonBrakeOverSprite.png
  artifactKey: Guid(5b1a64ea234fb2343b8d0686c51280de) Importer(815301076,1909f56bfc062723c751e8b465ee728b)
Start importing Assets/Standard Assets/CrossPlatformInput/Sprites/ButtonBrakeOverSprite.png using Guid(5b1a64ea234fb2343b8d0686c51280de) Importer(815301076,1909f56bfc062723c751e8b465ee728b)  -> (artifact id: '9e0b38243be0e343ab05ee4f716e8500') in 0.030740 seconds
  Import took 0.033552 seconds .

========================================================================
Received Import Request.
  Time since last request: 0.000198 seconds.
  path: Assets/Standard Assets/2D/Sprites/BackgroundNavyGridSprite.png
  artifactKey: Guid(1d0c184845252df44a655359de388cb8) Importer(815301076,1909f56bfc062723c751e8b465ee728b)
Start importing Assets/Standard Assets/2D/Sprites/BackgroundNavyGridSprite.png using Guid(1d0c184845252df44a655359de388cb8) Importer(815301076,1909f56bfc062723c751e8b465ee728b)  -> (artifact id: '9626f1ffb31a7208817cb72e9cde5e2c') in 0.022913 seconds
  Import took 0.026339 seconds .

========================================================================
Received Import Request.
  Time since last request: 0.000237 seconds.
  path: Assets/Standard Assets/CrossPlatformInput/Sprites/ButtonResetSprite.png
  artifactKey: Guid(a94c9a7eb94ceec4a8d67a1890e22e51) Importer(815301076,1909f56bfc062723c751e8b465ee728b)
Start importing Assets/Standard Assets/CrossPlatformInput/Sprites/ButtonResetSprite.png using Guid(a94c9a7eb94ceec4a8d67a1890e22e51) Importer(815301076,1909f56bfc062723c751e8b465ee728b)  -> (artifact id: '7d80db488455a38acd4741482080112c') in 0.023529 seconds
  Import took 0.026542 seconds .

========================================================================
Received Import Request.
  Time since last request: 0.000227 seconds.
  path: Assets/Standard Assets/CrossPlatformInput/Sprites/ButtonArrowUpSprite.png
  artifactKey: Guid(4db017495c69e8140a56a0e2b669e3f8) Importer(815301076,1909f56bfc062723c751e8b465ee728b)
Start importing Assets/Standard Assets/CrossPlatformInput/Sprites/ButtonArrowUpSprite.png using Guid(4db017495c69e8140a56a0e2b669e3f8) Importer(815301076,1909f56bfc062723c751e8b465ee728b)  -> (artifact id: '7883c9e3f39346cc1dc72d461ad5259b') in 0.024978 seconds
  Import took 0.027480 seconds .

========================================================================
Received Import Request.
  Time since last request: 0.000228 seconds.
  path: Assets/Standard Assets/CrossPlatformInput/Sprites/ButtonAcceleratorOverSprite.png
  artifactKey: Guid(eb5f6e2757c821940b69cf1456f7865a) Importer(815301076,1909f56bfc062723c751e8b465ee728b)
Start importing Assets/Standard Assets/CrossPlatformInput/Sprites/ButtonAcceleratorOverSprite.png using Guid(eb5f6e2757c821940b69cf1456f7865a) Importer(815301076,1909f56bfc062723c751e8b465ee728b)  -> (artifact id: 'f69104521114736f884d754b39e0ca10') in 0.028590 seconds
  Import took 0.032490 seconds .

========================================================================
Received Import Request.
  Time since last request: 0.000208 seconds.
  path: Assets/Standard Assets/CrossPlatformInput/Sprites/ButtonCameraCycleUpSprite.png
  artifactKey: Guid(a3983c59ebf804b4abba687bd7c9e92f) Importer(815301076,1909f56bfc062723c751e8b465ee728b)
Start importing Assets/Standard Assets/CrossPlatformInput/Sprites/ButtonCameraCycleUpSprite.png using Guid(a3983c59ebf804b4abba687bd7c9e92f) Importer(815301076,1909f56bfc062723c751e8b465ee728b)  -> (artifact id: 'df9b08f1658f4fb75457b608403eab4e') in 0.022550 seconds
  Import took 0.025284 seconds .

========================================================================
Received Import Request.
  Time since last request: 0.000307 seconds.
  path: Assets/Standard Assets/CrossPlatformInput/Sprites/ButtonAcceleratorUpSprite.png
  artifactKey: Guid(f588d850485d0ae479d73cf3bd0b7b00) Importer(815301076,1909f56bfc062723c751e8b465ee728b)
Start importing Assets/Standard Assets/CrossPlatformInput/Sprites/ButtonAcceleratorUpSprite.png using Guid(f588d850485d0ae479d73cf3bd0b7b00) Importer(815301076,1909f56bfc062723c751e8b465ee728b)  -> (artifact id: '9c5cc82ab85c55607da6795d36bd1e19') in 0.027971 seconds
  Import took 0.030496 seconds .

========================================================================
Received Import Request.
  Time since last request: 1.526311 seconds.
  path: Assets/Standard Assets/CrossPlatformInput/Sprites/ButtonSpacebarSprite.png
  artifactKey: Guid(3d8675433a508ec47b8f895201eacf20) Importer(815301076,1909f56bfc062723c751e8b465ee728b)
Start importing Assets/Standard Assets/CrossPlatformInput/Sprites/ButtonSpacebarSprite.png using Guid(3d8675433a508ec47b8f895201eacf20) Importer(815301076,1909f56bfc062723c751e8b465ee728b)  -> (artifact id: '362a0771508523727feb2e94f1d45b49') in 0.025003 seconds
  Import took 0.028294 seconds .

========================================================================
Received Import Request.
  Time since last request: 0.000236 seconds.
  path: Assets/Standard Assets/CrossPlatformInput/Sprites/ButtonThumbstickOverSprite.png
  artifactKey: Guid(5485e2f56028a3c4cb54f5caa167377e) Importer(815301076,1909f56bfc062723c751e8b465ee728b)
Start importing Assets/Standard Assets/CrossPlatformInput/Sprites/ButtonThumbstickOverSprite.png using Guid(5485e2f56028a3c4cb54f5caa167377e) Importer(815301076,1909f56bfc062723c751e8b465ee728b)  -> (artifact id: 'dc165a30e38bc0a56473c86a97608fae') in 0.034257 seconds
  Import took 0.037741 seconds .

========================================================================
Received Import Request.
  Time since last request: 0.000220 seconds.
  path: Assets/Standard Assets/CrossPlatformInput/Sprites/ButtonTimescaleFullUpSprite.png
  artifactKey: Guid(0c6271a290ef75b4c97d58746c86c5b8) Importer(815301076,1909f56bfc062723c751e8b465ee728b)
Start importing Assets/Standard Assets/CrossPlatformInput/Sprites/ButtonTimescaleFullUpSprite.png using Guid(0c6271a290ef75b4c97d58746c86c5b8) Importer(815301076,1909f56bfc062723c751e8b465ee728b)  -> (artifact id: 'b667f886c9d6e87992d411fb1c627ba9') in 0.032929 seconds
  Import took 0.035957 seconds .

========================================================================
Received Import Request.
  Time since last request: 0.000224 seconds.
  path: Assets/Standard Assets/CrossPlatformInput/Sprites/ButtonSpacebarSprite.png
  artifactKey: Guid(3d8675433a508ec47b8f895201eacf20) Importer(815301076,1909f56bfc062723c751e8b465ee728b)
Start importing Assets/Standard Assets/CrossPlatformInput/Sprites/ButtonSpacebarSprite.png using Guid(3d8675433a508ec47b8f895201eacf20) Importer(815301076,1909f56bfc062723c751e8b465ee728b)  -> (artifact id: '362a0771508523727feb2e94f1d45b49') in 0.011670 seconds
  Import took 0.015080 seconds .

========================================================================
Received Import Request.
  Time since last request: 0.000255 seconds.
  path: Assets/Standard Assets/2D/Sprites/PlatformWhiteSprite.png
  artifactKey: Guid(d90a8faf6fb9540b084ef2825cc3a5dc) Importer(815301076,1909f56bfc062723c751e8b465ee728b)
Start importing Assets/Standard Assets/2D/Sprites/PlatformWhiteSprite.png using Guid(d90a8faf6fb9540b084ef2825cc3a5dc) Importer(815301076,1909f56bfc062723c751e8b465ee728b)  -> (artifact id: '2966ffaa28ea222db33289c1ef77dfaa') in 0.020239 seconds
  Import took 0.023333 seconds .

========================================================================
Received Import Request.
  Time since last request: 0.000229 seconds.
  path: Assets/Standard Assets/CrossPlatformInput/Sprites/ButtonTimescaleSlowUpSprite.png
  artifactKey: Guid(9d7c6e4896067aa4fa512a00f692ac1c) Importer(815301076,1909f56bfc062723c751e8b465ee728b)
Start importing Assets/Standard Assets/CrossPlatformInput/Sprites/ButtonTimescaleSlowUpSprite.png using Guid(9d7c6e4896067aa4fa512a00f692ac1c) Importer(815301076,1909f56bfc062723c751e8b465ee728b)  -> (artifact id: '18174e7a551924a897e7a650783f3a2a') in 0.022530 seconds
  Import took 0.025534 seconds .

========================================================================
Received Import Request.
  Time since last request: 0.000230 seconds.
  path: Assets/Standard Assets/2D/Sprites/CratePinkGridSprite.png
  artifactKey: Guid(12ef7cbdfe0e143fa858a324456c8979) Importer(815301076,1909f56bfc062723c751e8b465ee728b)
Start importing Assets/Standard Assets/2D/Sprites/CratePinkGridSprite.png using Guid(12ef7cbdfe0e143fa858a324456c8979) Importer(815301076,1909f56bfc062723c751e8b465ee728b)  -> (artifact id: '9baf113dbd2d80c3cbc88900dae69cf5') in 0.021993 seconds
  Import took 0.025895 seconds .

========================================================================
Received Import Request.
  Time since last request: 0.000223 seconds.
  path: Assets/Standard Assets/CrossPlatformInput/Sprites/ButtonThumbstickUpSprite.png
  artifactKey: Guid(9866a92691696b346901281f2b329034) Importer(815301076,1909f56bfc062723c751e8b465ee728b)
Start importing Assets/Standard Assets/CrossPlatformInput/Sprites/ButtonThumbstickUpSprite.png using Guid(9866a92691696b346901281f2b329034) Importer(815301076,1909f56bfc062723c751e8b465ee728b)  -> (artifact id: '4f614c1c54182722f0fe17384c2dbd48') in 0.025073 seconds
  Import took 0.027738 seconds .

========================================================================
Received Import Request.
  Time since last request: 0.000233 seconds.
  path: Assets/Standard Assets/2D/Sprites/RobotBoyCrouchSprite.png
  artifactKey: Guid(d40c191aa46654db7a426d6a1fa3aa30) Importer(815301076,1909f56bfc062723c751e8b465ee728b)
Start importing Assets/Standard Assets/2D/Sprites/RobotBoyCrouchSprite.png using Guid(d40c191aa46654db7a426d6a1fa3aa30) Importer(815301076,1909f56bfc062723c751e8b465ee728b)  -> (artifact id: 'ec5f7ea711c99ad34cd46766a24a073f') in 0.095215 seconds
  Import took 0.098072 seconds .

========================================================================
Received Import Request.
  Time since last request: 5.568717 seconds.
  path: Assets/Standard Assets/2D/Sprites/RobotBoyDeathSprite.png
  artifactKey: Guid(f45a39483cf4f914a816af821c9262bb) Importer(815301076,1909f56bfc062723c751e8b465ee728b)
Start importing Assets/Standard Assets/2D/Sprites/RobotBoyDeathSprite.png using Guid(f45a39483cf4f914a816af821c9262bb) Importer(815301076,1909f56bfc062723c751e8b465ee728b)  -> (artifact id: '9357fa5c137917ebd48adc95ac5ebac1') in 0.102927 seconds
  Import took 0.106269 seconds .

========================================================================
Received Import Request.
  Time since last request: 2.182780 seconds.
  path: Assets/Standard Assets/2D/Sprites/RobotBoyIdleSprite.png
  artifactKey: Guid(8fb98a6035269e64a998f9b56828fc4f) Importer(815301076,1909f56bfc062723c751e8b465ee728b)
Start importing Assets/Standard Assets/2D/Sprites/RobotBoyIdleSprite.png using Guid(8fb98a6035269e64a998f9b56828fc4f) Importer(815301076,1909f56bfc062723c751e8b465ee728b)  -> (artifact id: 'c347a4b486ea2ba94707a2ea5ec1b9e8') in 0.105228 seconds
  Import took 0.108402 seconds .

========================================================================
Received Import Request.
  Time since last request: 0.914761 seconds.
  path: Assets/Standard Assets/2D/Sprites/RobotBoyJumpSprite.png
  artifactKey: Guid(9e1a2edf6149977479db158e4fbf9671) Importer(815301076,1909f56bfc062723c751e8b465ee728b)
Start importing Assets/Standard Assets/2D/Sprites/RobotBoyJumpSprite.png using Guid(9e1a2edf6149977479db158e4fbf9671) Importer(815301076,1909f56bfc062723c751e8b465ee728b)  -> (artifact id: 'c7b1ed96de4ab167fa0aee2d0bcbed71') in 0.093177 seconds
  Import took 0.096389 seconds .

========================================================================
Received Import Request.
  Time since last request: 0.962250 seconds.
  path: Assets/Standard Assets/2D/Sprites/RobotBoyRollSprite.png
  artifactKey: Guid(fc67a9002ed4034419f91d0d85bd6b24) Importer(815301076,1909f56bfc062723c751e8b465ee728b)
Start importing Assets/Standard Assets/2D/Sprites/RobotBoyRollSprite.png using Guid(fc67a9002ed4034419f91d0d85bd6b24) Importer(815301076,1909f56bfc062723c751e8b465ee728b)  -> (artifact id: '193ebb8741e15b8d245bf973e4207cc1') in 0.083702 seconds
  Import took 0.087534 seconds .

========================================================================
Received Import Request.
  Time since last request: 0.579523 seconds.
  path: Assets/Standard Assets/2D/Sprites/RobotBoyRunSprite.png
  artifactKey: Guid(803baf1ea73913f46b25e07d0a79df22) Importer(815301076,1909f56bfc062723c751e8b465ee728b)
Start importing Assets/Standard Assets/2D/Sprites/RobotBoyRunSprite.png using Guid(803baf1ea73913f46b25e07d0a79df22) Importer(815301076,1909f56bfc062723c751e8b465ee728b)  -> (artifact id: '0e71819836ae3cf7700078c8b0624a9e') in 0.077106 seconds
  Import took 0.080242 seconds .

========================================================================
Received Import Request.
  Time since last request: 0.000248 seconds.
  path: Assets/Standard Assets/2D/Sprites/RobotBoyWalkSprite.png
  artifactKey: Guid(feda0c18015b3284cabbc0da85254f9a) Importer(815301076,1909f56bfc062723c751e8b465ee728b)
Start importing Assets/Standard Assets/2D/Sprites/RobotBoyWalkSprite.png using Guid(feda0c18015b3284cabbc0da85254f9a) Importer(815301076,1909f56bfc062723c751e8b465ee728b)  -> (artifact id: 'bee45a78b7393b9b565d9831bb15b985') in 0.094016 seconds
  Import took 0.096992 seconds .

========================================================================
Received Import Request.
  Time since last request: 0.000245 seconds.
  path: Assets/Standard Assets/2D/Sprites/RobotBoyRunSprite.png
  artifactKey: Guid(803baf1ea73913f46b25e07d0a79df22) Importer(815301076,1909f56bfc062723c751e8b465ee728b)
Start importing Assets/Standard Assets/2D/Sprites/RobotBoyRunSprite.png using Guid(803baf1ea73913f46b25e07d0a79df22) Importer(815301076,1909f56bfc062723c751e8b465ee728b)  -> (artifact id: '0e71819836ae3cf7700078c8b0624a9e') in 0.071827 seconds
  Import took 0.074457 seconds .

========================================================================
Received Import Request.
  Time since last request: 0.418584 seconds.
  path: Assets/Standard Assets/CrossPlatformInput/Sprites/SliderBackgroundSprite.png
  artifactKey: Guid(ea5873cfd9158664f89459f0c9e1d853) Importer(815301076,1909f56bfc062723c751e8b465ee728b)
Start importing Assets/Standard Assets/CrossPlatformInput/Sprites/SliderBackgroundSprite.png using Guid(ea5873cfd9158664f89459f0c9e1d853) Importer(815301076,1909f56bfc062723c751e8b465ee728b)  -> (artifact id: '574d294a9cf5ae735d3dc2b4adee3a35') in 0.020356 seconds
  Import took 0.023483 seconds .

========================================================================
Received Import Request.
  Time since last request: 0.000407 seconds.
  path: Assets/Standard Assets/CrossPlatformInput/Sprites/SliderHandleSprite.png
  artifactKey: Guid(0626b924325d1c34cafa6b22297f4e4f) Importer(815301076,1909f56bfc062723c751e8b465ee728b)
Start importing Assets/Standard Assets/CrossPlatformInput/Sprites/SliderHandleSprite.png using Guid(0626b924325d1c34cafa6b22297f4e4f) Importer(815301076,1909f56bfc062723c751e8b465ee728b)  -> (artifact id: 'efd9b0729b6f34137cf35102b9208a3e') in 0.023889 seconds
  Import took 0.027018 seconds .

========================================================================
Received Import Request.
  Time since last request: 0.000233 seconds.
  path: Assets/Standard Assets/CrossPlatformInput/Sprites/TouchpadSprite.png
  artifactKey: Guid(e4f1fee3de32377429fd1348fae62b10) Importer(815301076,1909f56bfc062723c751e8b465ee728b)
Start importing Assets/Standard Assets/CrossPlatformInput/Sprites/TouchpadSprite.png using Guid(e4f1fee3de32377429fd1348fae62b10) Importer(815301076,1909f56bfc062723c751e8b465ee728b)  -> (artifact id: '5197b6d8945fd1119665ed20680f579d') in 0.024922 seconds
  Import took 0.028281 seconds .

========================================================================
Received Prepare
Registering precompiled user dll's ...
Registered in 0.002166 seconds.
Begin MonoManager ReloadAssembly
Native extension for WindowsStandalone target not found
Refreshing native plugins compatible for Editor in 0.40 ms, found 3 plugins.
Preloading 0 native plugins for Editor in 0.00 ms.
Mono: successfully reloaded assembly
- Completed reload, in  0.895 seconds
Platform modules already initialized, skipping
Refreshing native plugins compatible for Editor in 0.43 ms, found 3 plugins.
Preloading 0 native plugins for Editor in 0.00 ms.
Unloading 1351 Unused Serialized files (Serialized files now loaded: 0)
System memory in use before: 75.8 MB.
System memory in use after: 75.5 MB.

Unloading 14 unused Assets to reduce memory usage. Loaded Objects now: 1883.
Total: 2.257000 ms (FindLiveObjects: 0.150400 ms CreateObjectMapping: 0.050700 ms MarkObjects: 1.633200 ms  DeleteObjects: 0.421900 ms)

========================================================================
Received Prepare
Registering precompiled user dll's ...
Registered in 0.001777 seconds.
Begin MonoManager ReloadAssembly
Native extension for WindowsStandalone target not found
Refreshing native plugins compatible for Editor in 0.39 ms, found 3 plugins.
Preloading 0 native plugins for Editor in 0.00 ms.
Mono: successfully reloaded assembly
- Completed reload, in  0.917 seconds
Platform modules already initialized, skipping
Refreshing native plugins compatible for Editor in 0.40 ms, found 3 plugins.
Preloading 0 native plugins for Editor in 0.00 ms.
Unloading 1351 Unused Serialized files (Serialized files now loaded: 0)
System memory in use before: 75.8 MB.
System memory in use after: 75.6 MB.

Unloading 14 unused Assets to reduce memory usage. Loaded Objects now: 1886.
Total: 2.165300 ms (FindLiveObjects: 0.141500 ms CreateObjectMapping: 0.048900 ms MarkObjects: 1.525500 ms  DeleteObjects: 0.448600 ms)

========================================================================
Received Prepare
Registering precompiled user dll's ...
Registered in 0.002155 seconds.
Begin MonoManager ReloadAssembly
Native extension for WindowsStandalone target not found
Refreshing native plugins compatible for Editor in 0.42 ms, found 3 plugins.
Preloading 0 native plugins for Editor in 0.00 ms.
Mono: successfully reloaded assembly
- Completed reload, in  0.986 seconds
Platform modules already initialized, skipping
Refreshing native plugins compatible for Editor in 0.40 ms, found 3 plugins.
Preloading 0 native plugins for Editor in 0.00 ms.
Unloading 1351 Unused Serialized files (Serialized files now loaded: 0)
System memory in use before: 75.8 MB.
System memory in use after: 75.6 MB.

Unloading 14 unused Assets to reduce memory usage. Loaded Objects now: 1889.
Total: 2.151900 ms (FindLiveObjects: 0.155000 ms CreateObjectMapping: 0.050800 ms MarkObjects: 1.492800 ms  DeleteObjects: 0.452300 ms)

========================================================================
Received Prepare
Registering precompiled user dll's ...
Registered in 0.001761 seconds.
Begin MonoManager ReloadAssembly
Native extension for WindowsStandalone target not found
Refreshing native plugins compatible for Editor in 0.41 ms, found 3 plugins.
Preloading 0 native plugins for Editor in 0.00 ms.
Mono: successfully reloaded assembly
- Completed reload, in  0.962 seconds
Platform modules already initialized, skipping
Refreshing native plugins compatible for Editor in 0.39 ms, found 3 plugins.
Preloading 0 native plugins for Editor in 0.00 ms.
Unloading 1354 Unused Serialized files (Serialized files now loaded: 0)
System memory in use before: 75.9 MB.
System memory in use after: 75.6 MB.

Unloading 14 unused Assets to reduce memory usage. Loaded Objects now: 1895.
Total: 2.391000 ms (FindLiveObjects: 0.160000 ms CreateObjectMapping: 0.054500 ms MarkObjects: 1.716600 ms  DeleteObjects: 0.458900 ms)

========================================================================
Received Import Request.
  Time since last request: 3218.310511 seconds.
  path: Assets/SMC Pack 1/ReadMe!.jpg
  artifactKey: Guid(a3b56a19b4385e4498bb95aa052cec0f) Importer(815301076,1909f56bfc062723c751e8b465ee728b)
Start importing Assets/SMC Pack 1/ReadMe!.jpg using Guid(a3b56a19b4385e4498bb95aa052cec0f) Importer(815301076,1909f56bfc062723c751e8b465ee728b)  -> (artifact id: '89589dec2eebec59c14599255dc73fbf') in 0.056866 seconds
  Import took 0.060047 seconds .

========================================================================
Received Import Request.
  Time since last request: 4.947948 seconds.
  path: Assets/SMC Pack 1/Pack/1.png
  artifactKey: Guid(7251bd8650d2a8d428edb29289952851) Importer(815301076,1909f56bfc062723c751e8b465ee728b)
Start importing Assets/SMC Pack 1/Pack/1.png using Guid(7251bd8650d2a8d428edb29289952851) Importer(815301076,1909f56bfc062723c751e8b465ee728b)  -> (artifact id: '5096641aa10fa3a9a19e660513daaee2') in 0.030274 seconds
  Import took 0.033482 seconds .

========================================================================
Received Import Request.
  Time since last request: 0.000247 seconds.
  path: Assets/SMC Pack 1/Pack/9.png
  artifactKey: Guid(7c90b54608d60f944ac10eb6ae445272) Importer(815301076,1909f56bfc062723c751e8b465ee728b)
Start importing Assets/SMC Pack 1/Pack/9.png using Guid(7c90b54608d60f944ac10eb6ae445272) Importer(815301076,1909f56bfc062723c751e8b465ee728b)  -> (artifact id: 'fb6038daaaf977c0bc2d2c11fb885adf') in 0.010991 seconds
  Import took 0.013520 seconds .

========================================================================
Received Import Request.
  Time since last request: 0.000247 seconds.
  path: Assets/SMC Pack 1/Pack/2.png
  artifactKey: Guid(446d3edd09ab9694e9d671c628406e0c) Importer(815301076,1909f56bfc062723c751e8b465ee728b)
Start importing Assets/SMC Pack 1/Pack/2.png using Guid(446d3edd09ab9694e9d671c628406e0c) Importer(815301076,1909f56bfc062723c751e8b465ee728b)  -> (artifact id: 'e21e47764105522317b16e997f3057c5') in 0.011085 seconds
  Import took 0.013566 seconds .

========================================================================
Received Import Request.
  Time since last request: 0.000242 seconds.
  path: Assets/SMC Pack 1/Pack/8.png
  artifactKey: Guid(130f9a1da961f154397c802bd8cb056a) Importer(815301076,1909f56bfc062723c751e8b465ee728b)
Start importing Assets/SMC Pack 1/Pack/8.png using Guid(130f9a1da961f154397c802bd8cb056a) Importer(815301076,1909f56bfc062723c751e8b465ee728b)  -> (artifact id: 'f5df9af42a6bb0f440f27a46a0f7f3dc') in 0.011229 seconds
  Import took 0.013826 seconds .

========================================================================
Received Import Request.
  Time since last request: 0.000245 seconds.
  path: Assets/SMC Pack 1/Pack/15.png
  artifactKey: Guid(fa7326d3d8ebb9c4591f1b272a7e46a8) Importer(815301076,1909f56bfc062723c751e8b465ee728b)
Start importing Assets/SMC Pack 1/Pack/15.png using Guid(fa7326d3d8ebb9c4591f1b272a7e46a8) Importer(815301076,1909f56bfc062723c751e8b465ee728b)  -> (artifact id: '22c5b96bd7d03ad4f252fcedded56fb6') in 0.012342 seconds
  Import took 0.014833 seconds .

========================================================================
Received Import Request.
  Time since last request: 0.000241 seconds.
  path: Assets/SMC Pack 1/Pack/28.png
  artifactKey: Guid(172af1a52af8c8f4b99cc2094f63c964) Importer(815301076,1909f56bfc062723c751e8b465ee728b)
Start importing Assets/SMC Pack 1/Pack/28.png using Guid(172af1a52af8c8f4b99cc2094f63c964) Importer(815301076,1909f56bfc062723c751e8b465ee728b)  -> (artifact id: 'fabaf641ea931161e14f0c26aa5872a6') in 0.011245 seconds
  Import took 0.013683 seconds .

========================================================================
Received Import Request.
  Time since last request: 0.000239 seconds.
  path: Assets/SMC Pack 1/Pack/11.png
  artifactKey: Guid(9e4e4703d1388a043ab4fee5563e2c5d) Importer(815301076,1909f56bfc062723c751e8b465ee728b)
Start importing Assets/SMC Pack 1/Pack/11.png using Guid(9e4e4703d1388a043ab4fee5563e2c5d) Importer(815301076,1909f56bfc062723c751e8b465ee728b)  -> (artifact id: '95fe533b7fec2cb43f77ff3298769d9f') in 0.014757 seconds
  Import took 0.017347 seconds .

========================================================================
Received Import Request.
  Time since last request: 0.000211 seconds.
  path: Assets/SMC Pack 1/Pack/5.png
  artifactKey: Guid(7d7e3d4c78b32f648b40888bfc6db8d0) Importer(815301076,1909f56bfc062723c751e8b465ee728b)
Start importing Assets/SMC Pack 1/Pack/5.png using Guid(7d7e3d4c78b32f648b40888bfc6db8d0) Importer(815301076,1909f56bfc062723c751e8b465ee728b)  -> (artifact id: '8e65c216d87516791d7d72ecbd86b3d8') in 0.022905 seconds
  Import took 0.025584 seconds .

========================================================================
Received Import Request.
  Time since last request: 0.000222 seconds.
  path: Assets/SMC Pack 1/Pack/14.png
  artifactKey: Guid(a75fb173360c769409f501f80eb48a09) Importer(815301076,1909f56bfc062723c751e8b465ee728b)
Start importing Assets/SMC Pack 1/Pack/14.png using Guid(a75fb173360c769409f501f80eb48a09) Importer(815301076,1909f56bfc062723c751e8b465ee728b)  -> (artifact id: '487e8f8fbbd99902daaa2bbe9a144afc') in 0.068257 seconds
  Import took 0.070778 seconds .

========================================================================
Received Import Request.
  Time since last request: 0.000231 seconds.
  path: Assets/SMC Pack 1/Pack/17.png
  artifactKey: Guid(dfebec15438d5bd4994f66113deca61c) Importer(815301076,1909f56bfc062723c751e8b465ee728b)
Start importing Assets/SMC Pack 1/Pack/17.png using Guid(dfebec15438d5bd4994f66113deca61c) Importer(815301076,1909f56bfc062723c751e8b465ee728b)  -> (artifact id: 'ee369d0da2aaf8a4677e2f5f7cdaf6db') in 0.015805 seconds
  Import took 0.019009 seconds .

========================================================================
Received Import Request.
  Time since last request: 0.000227 seconds.
  path: Assets/SMC Pack 1/Pack/19.png
  artifactKey: Guid(321f5058496e0c24fa9f5f5cd8ec453f) Importer(815301076,1909f56bfc062723c751e8b465ee728b)
Start importing Assets/SMC Pack 1/Pack/19.png using Guid(321f5058496e0c24fa9f5f5cd8ec453f) Importer(815301076,1909f56bfc062723c751e8b465ee728b)  -> (artifact id: '776bf1b3e50c75e532da0f31d4e242df') in 0.013235 seconds
  Import took 0.016561 seconds .

========================================================================
Received Import Request.
  Time since last request: 0.000434 seconds.
  path: Assets/SMC Pack 1/Pack/7.png
  artifactKey: Guid(aaf9082de97fc454d982a7f81acae66c) Importer(815301076,1909f56bfc062723c751e8b465ee728b)
Start importing Assets/SMC Pack 1/Pack/7.png using Guid(aaf9082de97fc454d982a7f81acae66c) Importer(815301076,1909f56bfc062723c751e8b465ee728b)  -> (artifact id: '1268cfd13b1ff361200621d8f8f0d359') in 0.014012 seconds
  Import took 0.017317 seconds .

========================================================================
Received Import Request.
  Time since last request: 0.000236 seconds.
  path: Assets/SMC Pack 1/Pack/18.png
  artifactKey: Guid(3fadf977527a0ed4fac721a6a7bceb6e) Importer(815301076,1909f56bfc062723c751e8b465ee728b)
Start importing Assets/SMC Pack 1/Pack/18.png using Guid(3fadf977527a0ed4fac721a6a7bceb6e) Importer(815301076,1909f56bfc062723c751e8b465ee728b)  -> (artifact id: 'de3c2c4e17c318355ccd5619a448acde') in 0.012565 seconds
  Import took 0.015817 seconds .

========================================================================
Received Import Request.
  Time since last request: 0.000205 seconds.
  path: Assets/SMC Pack 1/Pack/27.png
  artifactKey: Guid(25c22f5bb0413da42a370ff1f888273b) Importer(815301076,1909f56bfc062723c751e8b465ee728b)
Start importing Assets/SMC Pack 1/Pack/27.png using Guid(25c22f5bb0413da42a370ff1f888273b) Importer(815301076,1909f56bfc062723c751e8b465ee728b)  -> (artifact id: 'bc8d3635b3d3fb2c47f789f97a8bd52e') in 0.018919 seconds
  Import took 0.021640 seconds .

========================================================================
Received Import Request.
  Time since last request: 0.000220 seconds.
  path: Assets/SMC Pack 1/Pack/6.png
  artifactKey: Guid(ac8ffa2528b82e54ca0aef7aeadbf352) Importer(815301076,1909f56bfc062723c751e8b465ee728b)
Start importing Assets/SMC Pack 1/Pack/6.png using Guid(ac8ffa2528b82e54ca0aef7aeadbf352) Importer(815301076,1909f56bfc062723c751e8b465ee728b)  -> (artifact id: 'd284984e4a220a62570598a9efd69560') in 0.018136 seconds
  Import took 0.020945 seconds .

========================================================================
Received Import Request.
  Time since last request: 0.000218 seconds.
  path: Assets/SMC Pack 1/Pack/30.png
  artifactKey: Guid(78d49f26e949a0847834af9413d3a6a5) Importer(815301076,1909f56bfc062723c751e8b465ee728b)
Start importing Assets/SMC Pack 1/Pack/30.png using Guid(78d49f26e949a0847834af9413d3a6a5) Importer(815301076,1909f56bfc062723c751e8b465ee728b)  -> (artifact id: '736bd0815050706610770740bb82a050') in 0.014348 seconds
  Import took 0.017381 seconds .

========================================================================
Received Import Request.
  Time since last request: 0.000208 seconds.
  path: Assets/SMC Pack 1/Pack/20.png
  artifactKey: Guid(52ddea2e3d4507a46a8672b7f5b4b828) Importer(815301076,1909f56bfc062723c751e8b465ee728b)
Start importing Assets/SMC Pack 1/Pack/20.png using Guid(52ddea2e3d4507a46a8672b7f5b4b828) Importer(815301076,1909f56bfc062723c751e8b465ee728b)  -> (artifact id: '6ed4cc5ac8c5e7d0ba2156d7a98c1364') in 0.016695 seconds
  Import took 0.019775 seconds .

========================================================================
Received Import Request.
  Time since last request: 0.000215 seconds.
  path: Assets/SMC Pack 1/Pack/12.png
  artifactKey: Guid(666f45a1953efde4aacb8867e4d0d8f5) Importer(815301076,1909f56bfc062723c751e8b465ee728b)
Start importing Assets/SMC Pack 1/Pack/12.png using Guid(666f45a1953efde4aacb8867e4d0d8f5) Importer(815301076,1909f56bfc062723c751e8b465ee728b)  -> (artifact id: '165ac1bc853425c9628007b1b625ad40') in 0.020430 seconds
  Import took 0.023283 seconds .

========================================================================
Received Import Request.
  Time since last request: 0.000230 seconds.
  path: Assets/SMC Pack 1/Pack/21.png
  artifactKey: Guid(522e2eec793857746ad0f1fa3fa2767b) Importer(815301076,1909f56bfc062723c751e8b465ee728b)
Start importing Assets/SMC Pack 1/Pack/21.png using Guid(522e2eec793857746ad0f1fa3fa2767b) Importer(815301076,1909f56bfc062723c751e8b465ee728b)  -> (artifact id: '9b3a4bf2986c8ef9c6755fd6f321ca1a') in 0.021393 seconds
  Import took 0.024881 seconds .

========================================================================
Received Import Request.
  Time since last request: 0.000201 seconds.
  path: Assets/SMC Pack 1/Pack/3.png
  artifactKey: Guid(9e6fdb7bfc45d4d48ad99eedc050a082) Importer(815301076,1909f56bfc062723c751e8b465ee728b)
Start importing Assets/SMC Pack 1/Pack/3.png using Guid(9e6fdb7bfc45d4d48ad99eedc050a082) Importer(815301076,1909f56bfc062723c751e8b465ee728b)  -> (artifact id: '14dce56cb92d7d068b0322696a1ecec5') in 0.012917 seconds
  Import took 0.015828 seconds .

========================================================================
Received Import Request.
  Time since last request: 0.000328 seconds.
  path: Assets/SMC Pack 1/Pack/16.png
  artifactKey: Guid(53b66a68f0412344a804d974ad9cc66a) Importer(815301076,1909f56bfc062723c751e8b465ee728b)
Start importing Assets/SMC Pack 1/Pack/16.png using Guid(53b66a68f0412344a804d974ad9cc66a) Importer(815301076,1909f56bfc062723c751e8b465ee728b)  -> (artifact id: '722d935549e8cb6d937ae97c0e5e8485') in 0.014880 seconds
  Import took 0.017720 seconds .

========================================================================
Received Import Request.
  Time since last request: 0.000201 seconds.
  path: Assets/SMC Pack 1/Pack/23.png
  artifactKey: Guid(901bc5b5e8668354ab9c0dffdc0c40b3) Importer(815301076,1909f56bfc062723c751e8b465ee728b)
Start importing Assets/SMC Pack 1/Pack/23.png using Guid(901bc5b5e8668354ab9c0dffdc0c40b3) Importer(815301076,1909f56bfc062723c751e8b465ee728b)  -> (artifact id: 'e0ab8b6bc14b556a1bba3ee4e5a63f3e') in 0.014236 seconds
  Import took 0.017636 seconds .

========================================================================
Received Import Request.
  Time since last request: 0.000208 seconds.
  path: Assets/SMC Pack 1/Pack/26.png
  artifactKey: Guid(251db2694de2ac14eb720e94e981a174) Importer(815301076,1909f56bfc062723c751e8b465ee728b)
Start importing Assets/SMC Pack 1/Pack/26.png using Guid(251db2694de2ac14eb720e94e981a174) Importer(815301076,1909f56bfc062723c751e8b465ee728b)  -> (artifact id: '4a27276a62f6f0512b5e5cbdea0f4264') in 0.013155 seconds
  Import took 0.016334 seconds .

========================================================================
Received Import Request.
  Time since last request: 0.000186 seconds.
  path: Assets/SMC Pack 1/Pack/24.png
  artifactKey: Guid(b75d390301d6d414fa126751bd2edf0c) Importer(815301076,1909f56bfc062723c751e8b465ee728b)
Start importing Assets/SMC Pack 1/Pack/24.png using Guid(b75d390301d6d414fa126751bd2edf0c) Importer(815301076,1909f56bfc062723c751e8b465ee728b)  -> (artifact id: '7154efd888914419f40a37eef69a719f') in 0.013048 seconds
  Import took 0.016105 seconds .

========================================================================
Received Import Request.
  Time since last request: 0.000200 seconds.
  path: Assets/SMC Pack 1/Pack/10.png
  artifactKey: Guid(0bb68d41cd332d746a2ea8c8c6bebc01) Importer(815301076,1909f56bfc062723c751e8b465ee728b)
Start importing Assets/SMC Pack 1/Pack/10.png using Guid(0bb68d41cd332d746a2ea8c8c6bebc01) Importer(815301076,1909f56bfc062723c751e8b465ee728b)  -> (artifact id: '3d0cd8c4573b1f77547311febae4772f') in 0.021514 seconds
  Import took 0.024354 seconds .

========================================================================
Received Import Request.
  Time since last request: 0.000210 seconds.
  path: Assets/SMC Pack 1/Pack/22.png
  artifactKey: Guid(ea370368f2a1ec74caa77454a2105792) Importer(815301076,1909f56bfc062723c751e8b465ee728b)
Start importing Assets/SMC Pack 1/Pack/22.png using Guid(ea370368f2a1ec74caa77454a2105792) Importer(815301076,1909f56bfc062723c751e8b465ee728b)  -> (artifact id: '7417889e359269fb64828c528d09668f') in 0.014670 seconds
  Import took 0.017588 seconds .

========================================================================
Received Import Request.
  Time since last request: 0.000233 seconds.
  path: Assets/SMC Pack 1/Pack/4.png
  artifactKey: Guid(54539420bd1453f4e816421cca4b2ddd) Importer(815301076,1909f56bfc062723c751e8b465ee728b)
Start importing Assets/SMC Pack 1/Pack/4.png using Guid(54539420bd1453f4e816421cca4b2ddd) Importer(815301076,1909f56bfc062723c751e8b465ee728b)  -> (artifact id: 'f2fbdb0df1f01fe722065f31ac29b5a5') in 0.014978 seconds
  Import took 0.017981 seconds .

========================================================================
Received Import Request.
  Time since last request: 0.000190 seconds.
  path: Assets/SMC Pack 1/Pack/25.png
  artifactKey: Guid(1fcf98984d1c01f40b488b6333111121) Importer(815301076,1909f56bfc062723c751e8b465ee728b)
Start importing Assets/SMC Pack 1/Pack/25.png using Guid(1fcf98984d1c01f40b488b6333111121) Importer(815301076,1909f56bfc062723c751e8b465ee728b)  -> (artifact id: '28e54d7457faba2d15e4f698fe5c6b69') in 0.019649 seconds
  Import took 0.022607 seconds .

========================================================================
Received Import Request.
  Time since last request: 0.000321 seconds.
  path: Assets/SMC Pack 1/Pack/13.png
  artifactKey: Guid(7c110cdb0312c374c8ac6c435b8c85dc) Importer(815301076,1909f56bfc062723c751e8b465ee728b)
Start importing Assets/SMC Pack 1/Pack/13.png using Guid(7c110cdb0312c374c8ac6c435b8c85dc) Importer(815301076,1909f56bfc062723c751e8b465ee728b)  -> (artifact id: '37a6f9981207d2031ed0cd97f5c1242f') in 0.021276 seconds
  Import took 0.024052 seconds .

========================================================================
Received Import Request.
  Time since last request: 0.000233 seconds.
  path: Assets/SMC Pack 1/Pack/29.png
  artifactKey: Guid(5d0717f5d784c704ea00bf8e7caa526a) Importer(815301076,1909f56bfc062723c751e8b465ee728b)
Start importing Assets/SMC Pack 1/Pack/29.png using Guid(5d0717f5d784c704ea00bf8e7caa526a) Importer(815301076,1909f56bfc062723c751e8b465ee728b)  -> (artifact id: '7b6ba2388717d36394a00138f1bc7ac4') in 0.012916 seconds
  Import took 0.016015 seconds .

========================================================================
Received Import Request.
  Time since last request: 0.001019 seconds.
  path: Assets/SMC Pack 1/Pack/29.png
  artifactKey: Guid(5d0717f5d784c704ea00bf8e7caa526a) Importer(815301076,1909f56bfc062723c751e8b465ee728b)
Start importing Assets/SMC Pack 1/Pack/29.png using Guid(5d0717f5d784c704ea00bf8e7caa526a) Importer(815301076,1909f56bfc062723c751e8b465ee728b)  -> (artifact id: '7b6ba2388717d36394a00138f1bc7ac4') in 0.008600 seconds
  Import took 0.011612 seconds .

========================================================================
Received Import Request.
  Time since last request: 283.019240 seconds.
  path: Assets/SMC Pack 1/Pack/7.png
  artifactKey: Guid(aaf9082de97fc454d982a7f81acae66c) Importer(815301076,1909f56bfc062723c751e8b465ee728b)
Start importing Assets/SMC Pack 1/Pack/7.png using Guid(aaf9082de97fc454d982a7f81acae66c) Importer(815301076,1909f56bfc062723c751e8b465ee728b)  -> (artifact id: 'a7e4d0a726ae3efc9716ba47c689610f') in 0.013162 seconds
  Import took 0.016189 seconds .

========================================================================
Received Import Request.
  Time since last request: 0.016996 seconds.
  path: Assets/SMC Pack 1/Pack/7.png
  artifactKey: Guid(aaf9082de97fc454d982a7f81acae66c) Importer(815301076,1909f56bfc062723c751e8b465ee728b)
Start importing Assets/SMC Pack 1/Pack/7.png using Guid(aaf9082de97fc454d982a7f81acae66c) Importer(815301076,1909f56bfc062723c751e8b465ee728b)  -> (artifact id: 'a7e4d0a726ae3efc9716ba47c689610f') in 0.072070 seconds
  Import took 0.075521 seconds .

========================================================================
Received Import Request.
  Time since last request: 19.785023 seconds.
  path: Assets/Standard Assets/Vehicles/Aircraft/Materials/AircraftFuselageGrey.mat
  artifactKey: Guid(141b5bb76b8b39342a5a787acbeaabfd) Importer(815301076,1909f56bfc062723c751e8b465ee728b)
Start importing Assets/Standard Assets/Vehicles/Aircraft/Materials/AircraftFuselageGrey.mat using Guid(141b5bb76b8b39342a5a787acbeaabfd) Importer(815301076,1909f56bfc062723c751e8b465ee728b)  -> (artifact id: '5a3d071ef5284dde80abdeaf70a7589c') in 0.448952 seconds
  Import took 0.453721 seconds .

========================================================================
Received Import Request.
  Time since last request: 0.000292 seconds.
  path: Assets/Standard Assets/Vehicles/Aircraft/Materials/AircraftFuselageWhite.mat
  artifactKey: Guid(6f36a222811073946936cf1cdeb78f9c) Importer(815301076,1909f56bfc062723c751e8b465ee728b)
Start importing Assets/Standard Assets/Vehicles/Aircraft/Materials/AircraftFuselageWhite.mat using Guid(6f36a222811073946936cf1cdeb78f9c) Importer(815301076,1909f56bfc062723c751e8b465ee728b)  -> (artifact id: '64396c089983deed9f70e8b3c6f432b1') in 0.068133 seconds
  Import took 0.073680 seconds .

========================================================================
Received Import Request.
  Time since last request: 0.000258 seconds.
  path: Assets/Standard Assets/Vehicles/Aircraft/Materials/AircraftWingsJetWhite.mat
  artifactKey: Guid(365a29a7757a91544b92d59a78390495) Importer(815301076,1909f56bfc062723c751e8b465ee728b)
Start importing Assets/Standard Assets/Vehicles/Aircraft/Materials/AircraftWingsJetWhite.mat using Guid(365a29a7757a91544b92d59a78390495) Importer(815301076,1909f56bfc062723c751e8b465ee728b)  -> (artifact id: '18b76b9006daba3726981f4379d4d75c') in 0.118739 seconds
  Import took 0.123263 seconds .

========================================================================
Received Import Request.
  Time since last request: 0.000282 seconds.
  path: Assets/Standard Assets/Environment/SpeedTree/Broadleaf/Broadleaf_Mobile Materials/Billboard.mat
  artifactKey: Guid(8c1755df5f552e843b9f8485f72e71f8) Importer(815301076,1909f56bfc062723c751e8b465ee728b)
Start importing Assets/Standard Assets/Environment/SpeedTree/Broadleaf/Broadleaf_Mobile Materials/Billboard.mat using Guid(8c1755df5f552e843b9f8485f72e71f8) Importer(815301076,1909f56bfc062723c751e8b465ee728b)  -> (artifact id: '1197e71756a4566dd11cc5c29ce6ccf1') in 0.356621 seconds
  Import took 0.359488 seconds .

========================================================================
Received Import Request.
  Time since last request: 0.000302 seconds.
  path: Assets/Standard Assets/Vehicles/Aircraft/Materials/AircraftWingsPropellersWhite.mat
  artifactKey: Guid(ef1216aa37a0cc249a6a6f5abbd25665) Importer(815301076,1909f56bfc062723c751e8b465ee728b)
Start importing Assets/Standard Assets/Vehicles/Aircraft/Materials/AircraftWingsPropellersWhite.mat using Guid(ef1216aa37a0cc249a6a6f5abbd25665) Importer(815301076,1909f56bfc062723c751e8b465ee728b)  -> (artifact id: 'fd8a24241be12a66907c0e109ba2d65b') in 0.121532 seconds
  Import took 0.125591 seconds .

========================================================================
Received Import Request.
  Time since last request: 0.000292 seconds.
  path: Assets/Standard Assets/Vehicles/Aircraft/Materials/AircraftWingsPropellerBlurWhite.mat
  artifactKey: Guid(f5a209142cf260f4a96ca747e0e4dadf) Importer(815301076,1909f56bfc062723c751e8b465ee728b)
Start importing Assets/Standard Assets/Vehicles/Aircraft/Materials/AircraftWingsPropellerBlurWhite.mat using Guid(f5a209142cf260f4a96ca747e0e4dadf) Importer(815301076,1909f56bfc062723c751e8b465ee728b)  -> (artifact id: '3548c6891d05e8e691e808624ea089ee') in 0.136549 seconds
  Import took 0.139253 seconds .

========================================================================
Received Import Request.
  Time since last request: 0.000255 seconds.
  path: Assets/Standard Assets/Vehicles/Aircraft/Materials/AircraftWingsPropellersGrey.mat
  artifactKey: Guid(9cc96cc80c50454429965171ff4e500d) Importer(815301076,1909f56bfc062723c751e8b465ee728b)
Start importing Assets/Standard Assets/Vehicles/Aircraft/Materials/AircraftWingsPropellersGrey.mat using Guid(9cc96cc80c50454429965171ff4e500d) Importer(815301076,1909f56bfc062723c751e8b465ee728b)  -> (artifact id: '8dcb86cb23b240b30949f6b23eccb56f') in 0.051946 seconds
  Import took 0.055821 seconds .

========================================================================
Received Import Request.
  Time since last request: 0.000232 seconds.
  path: Assets/Standard Assets/Vehicles/Aircraft/Materials/AircraftWingsJetGrey.mat
  artifactKey: Guid(42672579dbdf2c8449598d21e2c569ec) Importer(815301076,1909f56bfc062723c751e8b465ee728b)
Start importing Assets/Standard Assets/Vehicles/Aircraft/Materials/AircraftWingsJetGrey.mat using Guid(42672579dbdf2c8449598d21e2c569ec) Importer(815301076,1909f56bfc062723c751e8b465ee728b)  -> (artifact id: '03f40133986bd05e5f620a3de9abb0c5') in 0.049626 seconds
  Import took 0.055823 seconds .

========================================================================
Received Import Request.
  Time since last request: 0.000218 seconds.
  path: Assets/Standard Assets/Environment/SpeedTree/Conifer/Conifer_Desktop Materials/Billboard.mat
  artifactKey: Guid(e625f56663597ef4899f86b588b4d506) Importer(815301076,1909f56bfc062723c751e8b465ee728b)
Start importing Assets/Standard Assets/Environment/SpeedTree/Conifer/Conifer_Desktop Materials/Billboard.mat using Guid(e625f56663597ef4899f86b588b4d506) Importer(815301076,1909f56bfc062723c751e8b465ee728b)  -> (artifact id: '25038592aac97b4fa781cb0cc8dd2a4f') in 0.041934 seconds
  Import took 0.045657 seconds .

========================================================================
Received Import Request.
  Time since last request: 0.000212 seconds.
  path: Assets/Standard Assets/Vehicles/Aircraft/Materials/AircraftWingsPropellerBlurGrey.mat
  artifactKey: Guid(d5b08f0e43171dd468f4fed8bb5d0cea) Importer(815301076,1909f56bfc062723c751e8b465ee728b)
Start importing Assets/Standard Assets/Vehicles/Aircraft/Materials/AircraftWingsPropellerBlurGrey.mat using Guid(d5b08f0e43171dd468f4fed8bb5d0cea) Importer(815301076,1909f56bfc062723c751e8b465ee728b)  -> (artifact id: 'cfc903bc7fc6fb04b8396ed2cc225d37') in 0.024302 seconds
  Import took 0.027217 seconds .

========================================================================
Received Import Request.
  Time since last request: 10.142007 seconds.
  path: Assets/SMC Pack 1/Bonus/1.png
  artifactKey: Guid(8240fa505d2ef854eb9d8844fc452b61) Importer(815301076,1909f56bfc062723c751e8b465ee728b)
Start importing Assets/SMC Pack 1/Bonus/1.png using Guid(8240fa505d2ef854eb9d8844fc452b61) Importer(815301076,1909f56bfc062723c751e8b465ee728b)  -> (artifact id: '34546e4a90354fcf5a37d4f2707d3513') in 0.017655 seconds
  Import took 0.021213 seconds .

========================================================================
Received Import Request.
  Time since last request: 0.000263 seconds.
  path: Assets/SMC Pack 1/Bonus/3.png
  artifactKey: Guid(d2d9165a63dbd5d4ea0eb38288117374) Importer(815301076,1909f56bfc062723c751e8b465ee728b)
Start importing Assets/SMC Pack 1/Bonus/3.png using Guid(d2d9165a63dbd5d4ea0eb38288117374) Importer(815301076,1909f56bfc062723c751e8b465ee728b)  -> (artifact id: '67e8e8786d534627cdbf30af6e96fa66') in 0.016865 seconds
  Import took 0.020143 seconds .

========================================================================
Received Import Request.
  Time since last request: 0.000252 seconds.
  path: Assets/SMC Pack 1/Bonus/2.png
  artifactKey: Guid(bb7d492bc0a9c814a854d73eca0e5e29) Importer(815301076,1909f56bfc062723c751e8b465ee728b)
Start importing Assets/SMC Pack 1/Bonus/2.png using Guid(bb7d492bc0a9c814a854d73eca0e5e29) Importer(815301076,1909f56bfc062723c751e8b465ee728b)  -> (artifact id: 'ca6289e1691a445cb7b52475114ebae2') in 0.076501 seconds
  Import took 0.079949 seconds .

========================================================================
Received Import Request.
  Time since last request: 0.000264 seconds.
  path: Assets/SMC Pack 1/Bonus/1.png
  artifactKey: Guid(8240fa505d2ef854eb9d8844fc452b61) Importer(815301076,1909f56bfc062723c751e8b465ee728b)
Start importing Assets/SMC Pack 1/Bonus/1.png using Guid(8240fa505d2ef854eb9d8844fc452b61) Importer(815301076,1909f56bfc062723c751e8b465ee728b)  -> (artifact id: '34546e4a90354fcf5a37d4f2707d3513') in 0.014320 seconds
  Import took 0.017107 seconds .

========================================================================
Received Import Request.
  Time since last request: 0.000226 seconds.
  path: Assets/SMC Pack 1/Bonus/5.png
  artifactKey: Guid(065d12e57649d7a4b863132f3c13c337) Importer(815301076,1909f56bfc062723c751e8b465ee728b)
Start importing Assets/SMC Pack 1/Bonus/5.png using Guid(065d12e57649d7a4b863132f3c13c337) Importer(815301076,1909f56bfc062723c751e8b465ee728b)  -> (artifact id: 'f0a1ed9a7640622a30b04d5bacad38aa') in 0.012011 seconds
  Import took 0.015708 seconds .

========================================================================
Received Import Request.
  Time since last request: 0.000236 seconds.
  path: Assets/SMC Pack 1/Bonus/2.png
  artifactKey: Guid(bb7d492bc0a9c814a854d73eca0e5e29) Importer(815301076,1909f56bfc062723c751e8b465ee728b)
Start importing Assets/SMC Pack 1/Bonus/2.png using Guid(bb7d492bc0a9c814a854d73eca0e5e29) Importer(815301076,1909f56bfc062723c751e8b465ee728b)  -> (artifact id: 'ca6289e1691a445cb7b52475114ebae2') in 0.007822 seconds
  Import took 0.010571 seconds .

========================================================================
Received Import Request.
  Time since last request: 0.000228 seconds.
  path: Assets/SMC Pack 1/Bonus/4.png
  artifactKey: Guid(25fcedab1b5c6a441a150f1e4da2ecfc) Importer(815301076,1909f56bfc062723c751e8b465ee728b)
Start importing Assets/SMC Pack 1/Bonus/4.png using Guid(25fcedab1b5c6a441a150f1e4da2ecfc) Importer(815301076,1909f56bfc062723c751e8b465ee728b)  -> (artifact id: 'c6c25a6e54b2996c1f94da9e415e1fca') in 0.021330 seconds
  Import took 0.024884 seconds .

========================================================================
Received Import Request.
  Time since last request: 1.771316 seconds.
  path: Assets/SMC Pack 1/Bonus/6.png
  artifactKey: Guid(aad05c085ae286c4197c7972d4a16931) Importer(815301076,1909f56bfc062723c751e8b465ee728b)
Start importing Assets/SMC Pack 1/Bonus/6.png using Guid(aad05c085ae286c4197c7972d4a16931) Importer(815301076,1909f56bfc062723c751e8b465ee728b)  -> (artifact id: '745cbbf52842dbf389bb01ff0fea9300') in 0.011993 seconds
  Import took 0.015219 seconds .

========================================================================
Received Import Request.
  Time since last request: 1.626697 seconds.
  path: Assets/SMC Pack 1/Bonus/7.png
  artifactKey: Guid(e81c1b06f224c284fb7b35c2bac9542f) Importer(815301076,1909f56bfc062723c751e8b465ee728b)
Start importing Assets/SMC Pack 1/Bonus/7.png using Guid(e81c1b06f224c284fb7b35c2bac9542f) Importer(815301076,1909f56bfc062723c751e8b465ee728b)  -> (artifact id: '30e3daa7d9c97cfa35e4a95b6ea81075') in 0.011049 seconds
  Import took 0.014476 seconds .

========================================================================
Received Import Request.
  Time since last request: 0.616890 seconds.
  path: Assets/SMC Pack 1/Bonus/8.png
  artifactKey: Guid(7d3a7edd25aec7849a2ac14b740614d4) Importer(815301076,1909f56bfc062723c751e8b465ee728b)
Start importing Assets/SMC Pack 1/Bonus/8.png using Guid(7d3a7edd25aec7849a2ac14b740614d4) Importer(815301076,1909f56bfc062723c751e8b465ee728b)  -> (artifact id: 'fbe28362303ac98417ccf4fa02a3a906') in 0.012172 seconds
  Import took 0.015181 seconds .

========================================================================
Received Import Request.
  Time since last request: 1.280515 seconds.
  path: Assets/SMC Pack 1/Bonus/9.png
  artifactKey: Guid(72ed2f2022c632e4ba6448e308a9dea9) Importer(815301076,1909f56bfc062723c751e8b465ee728b)
Start importing Assets/SMC Pack 1/Bonus/9.png using Guid(72ed2f2022c632e4ba6448e308a9dea9) Importer(815301076,1909f56bfc062723c751e8b465ee728b)  -> (artifact id: 'e4472a2a8c95f16655d9e8cf63c8fba8') in 0.012475 seconds
  Import took 0.016152 seconds .

========================================================================
Received Import Request.
  Time since last request: 1.959770 seconds.
  path: Assets/SMC Pack 1/Bonus/10.png
  artifactKey: Guid(d2893520cfd08024fbdfa6519681c5a7) Importer(815301076,1909f56bfc062723c751e8b465ee728b)
Start importing Assets/SMC Pack 1/Bonus/10.png using Guid(d2893520cfd08024fbdfa6519681c5a7) Importer(815301076,1909f56bfc062723c751e8b465ee728b)  -> (artifact id: '32d08a688313ad8add7580f1b51b2c4c') in 0.011624 seconds
  Import took 0.014850 seconds .

========================================================================
Received Prepare
Registering precompiled user dll's ...
Registered in 0.001791 seconds.
Begin MonoManager ReloadAssembly
Native extension for WindowsStandalone target not found
Refreshing native plugins compatible for Editor in 0.43 ms, found 3 plugins.
Preloading 0 native plugins for Editor in 0.00 ms.
Mono: successfully reloaded assembly
- Completed reload, in  1.059 seconds
Platform modules already initialized, skipping
Refreshing native plugins compatible for Editor in 0.41 ms, found 3 plugins.
Preloading 0 native plugins for Editor in 0.00 ms.
Unloading 1354 Unused Serialized files (Serialized files now loaded: 0)
System memory in use before: 77.1 MB.
System memory in use after: 76.8 MB.

Unloading 14 unused Assets to reduce memory usage. Loaded Objects now: 1905.
Total: 2.468000 ms (FindLiveObjects: 0.197200 ms CreateObjectMapping: 0.052300 ms MarkObjects: 1.756400 ms  DeleteObjects: 0.461100 ms)

========================================================================
Received Prepare
Registering precompiled user dll's ...
Registered in 0.001805 seconds.
Begin MonoManager ReloadAssembly
Native extension for WindowsStandalone target not found
Refreshing native plugins compatible for Editor in 0.43 ms, found 3 plugins.
Preloading 0 native plugins for Editor in 0.00 ms.
Mono: successfully reloaded assembly
- Completed reload, in  0.925 seconds
Platform modules already initialized, skipping
Refreshing native plugins compatible for Editor in 0.41 ms, found 3 plugins.
Preloading 0 native plugins for Editor in 0.00 ms.
Unloading 1354 Unused Serialized files (Serialized files now loaded: 0)
System memory in use before: 77.2 MB.
System memory in use after: 76.9 MB.

Unloading 14 unused Assets to reduce memory usage. Loaded Objects now: 1908.
Total: 2.685400 ms (FindLiveObjects: 0.213600 ms CreateObjectMapping: 0.051500 ms MarkObjects: 1.925700 ms  DeleteObjects: 0.493700 ms)

========================================================================
Received Prepare
Registering precompiled user dll's ...
Registered in 0.002278 seconds.
Begin MonoManager ReloadAssembly
Native extension for WindowsStandalone target not found
Refreshing native plugins compatible for Editor in 0.45 ms, found 3 plugins.
Preloading 0 native plugins for Editor in 0.00 ms.
Mono: successfully reloaded assembly
- Completed reload, in  1.140 seconds
Platform modules already initialized, skipping
Refreshing native plugins compatible for Editor in 0.47 ms, found 3 plugins.
Preloading 0 native plugins for Editor in 0.00 ms.
Unloading 1354 Unused Serialized files (Serialized files now loaded: 0)
System memory in use before: 77.2 MB.
System memory in use after: 76.9 MB.

Unloading 14 unused Assets to reduce memory usage. Loaded Objects now: 1911.
Total: 3.832000 ms (FindLiveObjects: 0.174100 ms CreateObjectMapping: 0.055800 ms MarkObjects: 3.124600 ms  DeleteObjects: 0.476100 ms)

========================================================================
Received Import Request.
  Time since last request: 240.665398 seconds.
  path: Assets/SMC Pack 1/Pack/1.png
  artifactKey: Guid(7251bd8650d2a8d428edb29289952851) Importer(815301076,1909f56bfc062723c751e8b465ee728b)
Start importing Assets/SMC Pack 1/Pack/1.png using Guid(7251bd8650d2a8d428edb29289952851) Importer(815301076,1909f56bfc062723c751e8b465ee728b)  -> (artifact id: '12469f2733c80fd6c1041dc1e72cc3b5') in 0.070276 seconds
  Import took 0.074070 seconds .

========================================================================
Received Import Request.
  Time since last request: 0.007217 seconds.
  path: Assets/SMC Pack 1/Pack/1.png
  artifactKey: Guid(7251bd8650d2a8d428edb29289952851) Importer(815301076,1909f56bfc062723c751e8b465ee728b)
Start importing Assets/SMC Pack 1/Pack/1.png using Guid(7251bd8650d2a8d428edb29289952851) Importer(815301076,1909f56bfc062723c751e8b465ee728b)  -> (artifact id: '12469f2733c80fd6c1041dc1e72cc3b5') in 0.007187 seconds
  Import took 0.010122 seconds .

========================================================================
Received Prepare
Registering precompiled user dll's ...
Registered in 0.001761 seconds.
Begin MonoManager ReloadAssembly
Native extension for WindowsStandalone target not found
Refreshing native plugins compatible for Editor in 0.42 ms, found 3 plugins.
Preloading 0 native plugins for Editor in 0.00 ms.
Mono: successfully reloaded assembly
- Completed reload, in  0.912 seconds
Platform modules already initialized, skipping
Refreshing native plugins compatible for Editor in 0.43 ms, found 3 plugins.
Preloading 0 native plugins for Editor in 0.00 ms.
Unloading 1354 Unused Serialized files (Serialized files now loaded: 0)
System memory in use before: 77.2 MB.
System memory in use after: 76.9 MB.

Unloading 14 unused Assets to reduce memory usage. Loaded Objects now: 1915.
Total: 2.433000 ms (FindLiveObjects: 0.196100 ms CreateObjectMapping: 0.055800 ms MarkObjects: 1.713700 ms  DeleteObjects: 0.466400 ms)

========================================================================
Received Import Request.
  Time since last request: 639.783541 seconds.
  path: Assets/Spags Assets/Textures/blue_hip.png
  artifactKey: Guid(f515a0a527c797a4281d239b6036679c) Importer(815301076,1909f56bfc062723c751e8b465ee728b)
Start importing Assets/Spags Assets/Textures/blue_hip.png using Guid(f515a0a527c797a4281d239b6036679c) Importer(815301076,1909f56bfc062723c751e8b465ee728b)  -> (artifact id: '9aae13a73ebc36c5231733ec5a2c130c') in 0.052519 seconds
  Import took 0.056106 seconds .

========================================================================
Received Import Request.
  Time since last request: 0.000255 seconds.
  path: Assets/Spags Assets/Textures/orange_hip.png
  artifactKey: Guid(57c9a5f3e6f4a544f85d5fc474f9b31f) Importer(815301076,1909f56bfc062723c751e8b465ee728b)
Start importing Assets/Spags Assets/Textures/orange_hip.png using Guid(57c9a5f3e6f4a544f85d5fc474f9b31f) Importer(815301076,1909f56bfc062723c751e8b465ee728b)  -> (artifact id: '5d8288cadc333f473baaba0b69d1d522') in 0.016589 seconds
  Import took 0.019047 seconds .

========================================================================
Received Import Request.
  Time since last request: 0.000234 seconds.
  path: Assets/Spags Assets/Textures/orange_zoom.png
  artifactKey: Guid(7264b39d928ce9f4496024f4abccd855) Importer(815301076,1909f56bfc062723c751e8b465ee728b)
Start importing Assets/Spags Assets/Textures/orange_zoom.png using Guid(7264b39d928ce9f4496024f4abccd855) Importer(815301076,1909f56bfc062723c751e8b465ee728b)  -> (artifact id: '6dbdf608e840eb7793da94f0ca105da0') in 0.014631 seconds
  Import took 0.017506 seconds .

========================================================================
Received Import Request.
  Time since last request: 0.000261 seconds.
  path: Assets/Spags Assets/Textures/yellow_zoom.png
  artifactKey: Guid(7e6328b2fffc1dc458a7f7ec2d0e9a0a) Importer(815301076,1909f56bfc062723c751e8b465ee728b)
Start importing Assets/Spags Assets/Textures/yellow_zoom.png using Guid(7e6328b2fffc1dc458a7f7ec2d0e9a0a) Importer(815301076,1909f56bfc062723c751e8b465ee728b)  -> (artifact id: '39fa33ed894311640406851a2b701b17') in 0.015210 seconds
  Import took 0.018994 seconds .

========================================================================
Received Import Request.
  Time since last request: 0.000250 seconds.
  path: Assets/Spags Assets/Textures/white_zoom.png
  artifactKey: Guid(449bde3d1675bf34c9c8d6adf165eb1d) Importer(815301076,1909f56bfc062723c751e8b465ee728b)
Start importing Assets/Spags Assets/Textures/white_zoom.png using Guid(449bde3d1675bf34c9c8d6adf165eb1d) Importer(815301076,1909f56bfc062723c751e8b465ee728b)  -> (artifact id: '9b4a65b50d96157337bd5e1e9d435cc8') in 0.022475 seconds
  Import took 0.025681 seconds .

========================================================================
Received Import Request.
  Time since last request: 0.000226 seconds.
  path: Assets/Spags Assets/Textures/white_hip.png
  artifactKey: Guid(1bae1b3f8c11477459b77c7bd5740ba1) Importer(815301076,1909f56bfc062723c751e8b465ee728b)
Start importing Assets/Spags Assets/Textures/white_hip.png using Guid(1bae1b3f8c11477459b77c7bd5740ba1) Importer(815301076,1909f56bfc062723c751e8b465ee728b)  -> (artifact id: '27c1cf73b1e8a2322235cc6620ff92b3') in 0.086998 seconds
  Import took 0.089758 seconds .

========================================================================
Received Import Request.
  Time since last request: 0.000233 seconds.
  path: Assets/Spags Assets/Textures/red_hip.png
  artifactKey: Guid(13a399a940b94b84dbcabf78c6d770d2) Importer(815301076,1909f56bfc062723c751e8b465ee728b)
Start importing Assets/Spags Assets/Textures/red_hip.png using Guid(13a399a940b94b84dbcabf78c6d770d2) Importer(815301076,1909f56bfc062723c751e8b465ee728b)  -> (artifact id: '21671007bd702558506e6e8aba41e221') in 0.037194 seconds
  Import took 0.039927 seconds .

========================================================================
Received Import Request.
  Time since last request: 0.000251 seconds.
  path: Assets/Spags Assets/Textures/green_hip.png
  artifactKey: Guid(cb4032571444bfd468a18b2a29555d7d) Importer(815301076,1909f56bfc062723c751e8b465ee728b)
Start importing Assets/Spags Assets/Textures/green_hip.png using Guid(cb4032571444bfd468a18b2a29555d7d) Importer(815301076,1909f56bfc062723c751e8b465ee728b)  -> (artifact id: '6a84dc2b04b42cfb73ccc10106425649') in 0.049068 seconds
  Import took 0.051789 seconds .

========================================================================
Received Import Request.
  Time since last request: 0.000236 seconds.
  path: Assets/Spags Assets/Textures/blue_zoom.png
  artifactKey: Guid(2e9a5f8e887a9dc4284a17b10010e453) Importer(815301076,1909f56bfc062723c751e8b465ee728b)
Start importing Assets/Spags Assets/Textures/blue_zoom.png using Guid(2e9a5f8e887a9dc4284a17b10010e453) Importer(815301076,1909f56bfc062723c751e8b465ee728b)  -> (artifact id: '5c8b91c05b0e6db0710c8479cc7ffcfc') in 0.023085 seconds
  Import took 0.025676 seconds .

========================================================================
Received Import Request.
  Time since last request: 0.000265 seconds.
  path: Assets/Spags Assets/Textures/green_zoom.png
  artifactKey: Guid(dc1b7b0d21c517c4d947ff617fd2d79d) Importer(815301076,1909f56bfc062723c751e8b465ee728b)
Start importing Assets/Spags Assets/Textures/green_zoom.png using Guid(dc1b7b0d21c517c4d947ff617fd2d79d) Importer(815301076,1909f56bfc062723c751e8b465ee728b)  -> (artifact id: 'a93980cef60ee050b72a9b07f6798c34') in 0.015592 seconds
  Import took 0.018708 seconds .

========================================================================
Received Import Request.
  Time since last request: 0.000211 seconds.
  path: Assets/Spags Assets/Textures/red_zoom.png
  artifactKey: Guid(7ee85774c8dc66047be4eabc0739f047) Importer(815301076,1909f56bfc062723c751e8b465ee728b)
Start importing Assets/Spags Assets/Textures/red_zoom.png using Guid(7ee85774c8dc66047be4eabc0739f047) Importer(815301076,1909f56bfc062723c751e8b465ee728b)  -> (artifact id: 'f2b18d341e47f9aed88db08c052378cd') in 0.024591 seconds
  Import took 0.028523 seconds .

========================================================================
Received Import Request.
  Time since last request: 0.000283 seconds.
  path: Assets/Spags Assets/Textures/yellow_hip.png
  artifactKey: Guid(55bc958e5755c0e45a50aece5d887f57) Importer(815301076,1909f56bfc062723c751e8b465ee728b)
Start importing Assets/Spags Assets/Textures/yellow_hip.png using Guid(55bc958e5755c0e45a50aece5d887f57) Importer(815301076,1909f56bfc062723c751e8b465ee728b)  -> (artifact id: 'e3546519c42f8d7348660f30d076e0da') in 0.018005 seconds
  Import took 0.022291 seconds .

========================================================================
Received Import Request.
  Time since last request: 2.383376 seconds.
  path: Assets/Spags Assets/Textures/Demo
  artifactKey: Guid(f948756ca6a3d384ea9ac2dbf4da7d13) Importer(815301076,1909f56bfc062723c751e8b465ee728b)
Start importing Assets/Spags Assets/Textures/Demo using Guid(f948756ca6a3d384ea9ac2dbf4da7d13) Importer(815301076,1909f56bfc062723c751e8b465ee728b)  -> (artifact id: 'e38b081c5660c3a35fa3da05a34355f0') in 0.009660 seconds
  Import took 0.012498 seconds .

========================================================================
Received Import Request.
  Time since last request: 0.188248 seconds.
  path: Assets/Spags Assets/Textures/Demo/white_hip.png
  artifactKey: Guid(db63fa1c2adceb141974024b30ffa6db) Importer(815301076,1909f56bfc062723c751e8b465ee728b)
Start importing Assets/Spags Assets/Textures/Demo/white_hip.png using Guid(db63fa1c2adceb141974024b30ffa6db) Importer(815301076,1909f56bfc062723c751e8b465ee728b)  -> (artifact id: '0c13f59e3613a8806e0667d87074c5a8') in 0.100060 seconds
  Import took 0.104074 seconds .

========================================================================
Received Import Request.
  Time since last request: 0.000241 seconds.
  path: Assets/Spags Assets/Textures/Demo/white_zoom.png
  artifactKey: Guid(b92c2c26ebd072944bb67d1be7f6475e) Importer(815301076,1909f56bfc062723c751e8b465ee728b)
Start importing Assets/Spags Assets/Textures/Demo/white_zoom.png using Guid(b92c2c26ebd072944bb67d1be7f6475e) Importer(815301076,1909f56bfc062723c751e8b465ee728b)  -> (artifact id: 'e63a6b4b75b0cddae591768708d23b0a') in 0.054556 seconds
  Import took 0.057822 seconds .

========================================================================
Received Import Request.
  Time since last request: 0.016206 seconds.
  path: Assets/Spags Assets/Textures/Demo/white_zoom.png
  artifactKey: Guid(b92c2c26ebd072944bb67d1be7f6475e) Importer(815301076,1909f56bfc062723c751e8b465ee728b)
Start importing Assets/Spags Assets/Textures/Demo/white_zoom.png using Guid(b92c2c26ebd072944bb67d1be7f6475e) Importer(815301076,1909f56bfc062723c751e8b465ee728b)  -> (artifact id: 'e63a6b4b75b0cddae591768708d23b0a') in 0.060466 seconds
  Import took 0.063951 seconds .

========================================================================
Received Import Request.
  Time since last request: 5.684171 seconds.
  path: Assets/Spags Assets/Textures
  artifactKey: Guid(e432d6576e2fed5449314016ed291d0e) Importer(815301076,1909f56bfc062723c751e8b465ee728b)
Start importing Assets/Spags Assets/Textures using Guid(e432d6576e2fed5449314016ed291d0e) Importer(815301076,1909f56bfc062723c751e8b465ee728b)  -> (artifact id: '16d03162b0b4849bc67bf8fbe03c317f') in 0.007507 seconds
  Import took 0.011132 seconds .

========================================================================
Received Prepare
Registering precompiled user dll's ...
Registered in 0.001682 seconds.
Begin MonoManager ReloadAssembly
Native extension for WindowsStandalone target not found
Refreshing native plugins compatible for Editor in 0.43 ms, found 3 plugins.
Preloading 0 native plugins for Editor in 0.00 ms.
Mono: successfully reloaded assembly
- Completed reload, in  0.993 seconds
Platform modules already initialized, skipping
Refreshing native plugins compatible for Editor in 0.42 ms, found 3 plugins.
Preloading 0 native plugins for Editor in 0.00 ms.
Unloading 1351 Unused Serialized files (Serialized files now loaded: 0)
System memory in use before: 77.2 MB.
System memory in use after: 76.9 MB.

Unloading 17 unused Assets to reduce memory usage. Loaded Objects now: 1948.
Total: 2.360500 ms (FindLiveObjects: 0.171400 ms CreateObjectMapping: 0.049600 ms MarkObjects: 1.670900 ms  DeleteObjects: 0.467500 ms)

========================================================================
Received Prepare
Registering precompiled user dll's ...
Registered in 0.001811 seconds.
Begin MonoManager ReloadAssembly
Native extension for WindowsStandalone target not found
Refreshing native plugins compatible for Editor in 0.41 ms, found 3 plugins.
Preloading 0 native plugins for Editor in 0.00 ms.
Mono: successfully reloaded assembly
- Completed reload, in  1.018 seconds
Platform modules already initialized, skipping
Refreshing native plugins compatible for Editor in 0.42 ms, found 3 plugins.
Preloading 0 native plugins for Editor in 0.00 ms.
Unloading 1354 Unused Serialized files (Serialized files now loaded: 0)
System memory in use before: 77.3 MB.
System memory in use after: 77.0 MB.

Unloading 14 unused Assets to reduce memory usage. Loaded Objects now: 1954.
Total: 2.576100 ms (FindLiveObjects: 0.164500 ms CreateObjectMapping: 0.063700 ms MarkObjects: 1.871800 ms  DeleteObjects: 0.475000 ms)

========================================================================
Received Prepare
Registering precompiled user dll's ...
Registered in 0.001795 seconds.
Begin MonoManager ReloadAssembly
Native extension for WindowsStandalone target not found
Refreshing native plugins compatible for Editor in 0.50 ms, found 3 plugins.
Preloading 0 native plugins for Editor in 0.00 ms.
Mono: successfully reloaded assembly
- Completed reload, in  1.109 seconds
Platform modules already initialized, skipping
Refreshing native plugins compatible for Editor in 0.78 ms, found 3 plugins.
Preloading 0 native plugins for Editor in 0.00 ms.
Unloading 1354 Unused Serialized files (Serialized files now loaded: 0)
System memory in use before: 77.3 MB.
System memory in use after: 77.0 MB.

Unloading 14 unused Assets to reduce memory usage. Loaded Objects now: 1957.
Total: 2.548400 ms (FindLiveObjects: 0.190200 ms CreateObjectMapping: 0.054800 ms MarkObjects: 1.833300 ms  DeleteObjects: 0.468600 ms)

========================================================================
Received Import Request.
  Time since last request: 352.355649 seconds.
  path: Assets/SMC Pack 1/Pack/1.png
  artifactKey: Guid(7251bd8650d2a8d428edb29289952851) Importer(815301076,1909f56bfc062723c751e8b465ee728b)
Start importing Assets/SMC Pack 1/Pack/1.png using Guid(7251bd8650d2a8d428edb29289952851) Importer(815301076,1909f56bfc062723c751e8b465ee728b)  -> (artifact id: '19b87e7296e3be5bf700578b902bbfe0') in 0.075873 seconds
  Import took 0.078987 seconds .

========================================================================
Received Import Request.
  Time since last request: 0.001188 seconds.
  path: Assets/SMC Pack 1/Pack/1.png
  artifactKey: Guid(7251bd8650d2a8d428edb29289952851) Importer(815301076,1909f56bfc062723c751e8b465ee728b)
Start importing Assets/SMC Pack 1/Pack/1.png using Guid(7251bd8650d2a8d428edb29289952851) Importer(815301076,1909f56bfc062723c751e8b465ee728b)  -> (artifact id: '19b87e7296e3be5bf700578b902bbfe0') in 0.008123 seconds
  Import took 0.010987 seconds .

========================================================================
Received Prepare
Registering precompiled user dll's ...
Registered in 0.001710 seconds.
Begin MonoManager ReloadAssembly
Native extension for WindowsStandalone target not found
Refreshing native plugins compatible for Editor in 1.07 ms, found 3 plugins.
Preloading 0 native plugins for Editor in 0.00 ms.
Mono: successfully reloaded assembly
- Completed reload, in  1.123 seconds
Platform modules already initialized, skipping
Refreshing native plugins compatible for Editor in 0.45 ms, found 3 plugins.
Preloading 0 native plugins for Editor in 0.00 ms.
Unloading 1354 Unused Serialized files (Serialized files now loaded: 0)
System memory in use before: 77.3 MB.
System memory in use after: 77.0 MB.

Unloading 14 unused Assets to reduce memory usage. Loaded Objects now: 1961.
Total: 3.027200 ms (FindLiveObjects: 0.240000 ms CreateObjectMapping: 0.058200 ms MarkObjects: 2.258100 ms  DeleteObjects: 0.469200 ms)

========================================================================
Received Import Request.
  Time since last request: 16.543326 seconds.
  path: Assets/SMC Pack 1/Pack/1.png
  artifactKey: Guid(7251bd8650d2a8d428edb29289952851) Importer(815301076,1909f56bfc062723c751e8b465ee728b)
Start importing Assets/SMC Pack 1/Pack/1.png using Guid(7251bd8650d2a8d428edb29289952851) Importer(815301076,1909f56bfc062723c751e8b465ee728b)  -> (artifact id: '80317ac470fad65df792209db505c6e4') in 0.063180 seconds
  Import took 0.067691 seconds .

========================================================================
Received Import Request.
  Time since last request: 0.004787 seconds.
  path: Assets/SMC Pack 1/Pack/1.png
  artifactKey: Guid(7251bd8650d2a8d428edb29289952851) Importer(815301076,1909f56bfc062723c751e8b465ee728b)
Start importing Assets/SMC Pack 1/Pack/1.png using Guid(7251bd8650d2a8d428edb29289952851) Importer(815301076,1909f56bfc062723c751e8b465ee728b)  -> (artifact id: '80317ac470fad65df792209db505c6e4') in 0.010374 seconds
  Import took 0.013326 seconds .

========================================================================
Received Prepare
Registering precompiled user dll's ...
Registered in 0.001879 seconds.
