Using pre-set license
Built from '2020.3/staging' branch; Version is '2020.3.8f1 (507919d4fff5) revision 5273881'; Using compiler version '192528614'; Build Type 'Release'
OS: 'Windows 10 Home Single Language; OS build 19043.1165; Version 2009; 64bit' Language: 'tr' Physical Memory: 16267 MB
BatchMode: 1, IsHumanControllingUs: 0, StartBugReporterOnCrash: 0, Is64bit: 1, IsPro: 0

 COMMAND LINE ARGUMENTS:
C:\Users\asus\Desktop\Unity\2020.3.8f1\Editor\Unity.exe
-adb2
-batchMode
-noUpm
-name
AssetImportWorker3
-projectPath
C:/Users/asus/OneDrive/Belgeler/GitHub/Zombie-Runner1
-logFile
Logs/AssetImportWorker3.log
-srvPort
65517
Successfully changed project path to: C:/Users/asus/OneDrive/Belgeler/GitHub/Zombie-Runner1
C:/Users/asus/OneDrive/Belgeler/GitHub/Zombie-Runner1
Using Asset Import Pipeline V2.
Refreshing native plugins compatible for Editor in 62.96 ms, found 3 plugins.
Preloading 0 native plugins for Editor in 0.00 ms.
Initialize engine version: 2020.3.8f1 (507919d4fff5)
[Subsystems] Discovering subsystems at path C:/Users/asus/Desktop/Unity/2020.3.8f1/Editor/Data/Resources/UnitySubsystems
[Subsystems] Discovering subsystems at path C:/Users/asus/OneDrive/Belgeler/GitHub/Zombie-Runner1/Assets
GfxDevice: creating device client; threaded=0
Direct3D:
    Version:  Direct3D 11.0 [level 11.0]
    Renderer: NVIDIA GeForce GTX 850M (ID=0x1391)
    Vendor:   
    VRAM:     4055 MB
Shader 'Effects/FPS_Pack/FPSGlass': fallback shader 'Effects/Distortion/Free/CullOff' not found
Initialize mono
Mono path[0] = 'C:/Users/asus/Desktop/Unity/2020.3.8f1/Editor/Data/Managed'
Mono path[1] = 'C:/Users/asus/Desktop/Unity/2020.3.8f1/Editor/Data/MonoBleedingEdge/lib/mono/unityjit'
Mono config path = 'C:/Users/asus/Desktop/Unity/2020.3.8f1/Editor/Data/MonoBleedingEdge/etc'
Using monoOptions --debugger-agent=transport=dt_socket,embedding=1,server=y,suspend=n,address=127.0.0.1:56564
Begin MonoManager ReloadAssembly
Registering precompiled unity dll's ...
Register platform support module: C:/Users/asus/Desktop/Unity/2020.3.8f1/Editor/Data/PlaybackEngines/WindowsStandaloneSupport/UnityEditor.WindowsStandalone.Extensions.dll
Registered in 0.002615 seconds.
Native extension for WindowsStandalone target not found
Refreshing native plugins compatible for Editor in 63.01 ms, found 3 plugins.
Preloading 0 native plugins for Editor in 0.00 ms.
Mono: successfully reloaded assembly
- Completed reload, in  3.006 seconds
Platform modules already initialized, skipping
Registering precompiled user dll's ...
Registered in 0.002049 seconds.
Begin MonoManager ReloadAssembly
Native extension for WindowsStandalone target not found
Refreshing native plugins compatible for Editor in 0.70 ms, found 3 plugins.
Preloading 0 native plugins for Editor in 0.00 ms.
Mono: successfully reloaded assembly
- Completed reload, in  1.009 seconds
Platform modules already initialized, skipping
========================================================================
Worker process is ready to serve import requests
Shader 'Effects/FPS_Pack/FPSGlass': fallback shader 'Effects/Distortion/Free/CullOff' not found
Launched and connected shader compiler UnityShaderCompiler.exe after 0.05 seconds
Refreshing native plugins compatible for Editor in 0.63 ms, found 3 plugins.
Preloading 0 native plugins for Editor in 0.00 ms.
Unloading 1480 Unused Serialized files (Serialized files now loaded: 0)
System memory in use before: 83.3 MB.
System memory in use after: 82.9 MB.

Unloading 19 unused Assets to reduce memory usage. Loaded Objects now: 1924.
Total: 2.276400 ms (FindLiveObjects: 0.177600 ms CreateObjectMapping: 0.060700 ms MarkObjects: 1.597100 ms  DeleteObjects: 0.439800 ms)

========================================================================
Received Import Request.
  path: Assets/[Game]/Scenes
  artifactKey: Guid(8f97bfc35916d3b478ee1195e0f201a9) Importer(815301076,1909f56bfc062723c751e8b465ee728b)
Start importing Assets/[Game]/Scenes using Guid(8f97bfc35916d3b478ee1195e0f201a9) Importer(815301076,1909f56bfc062723c751e8b465ee728b)  -> (artifact id: 'bd18ec45c7994e83b2774b68f0d0a8be') in 0.010980 seconds
  Import took 0.014122 seconds .

========================================================================
Received Prepare
Registering precompiled user dll's ...
Registered in 0.003184 seconds.
Begin MonoManager ReloadAssembly
Native extension for WindowsStandalone target not found
Refreshing native plugins compatible for Editor in 0.70 ms, found 3 plugins.
Preloading 0 native plugins for Editor in 0.00 ms.
Mono: successfully reloaded assembly
- Completed reload, in  0.938 seconds
Platform modules already initialized, skipping
Shader 'Effects/FPS_Pack/FPSGlass': fallback shader 'Effects/Distortion/Free/CullOff' not found
Refreshing native plugins compatible for Editor in 0.63 ms, found 3 plugins.
Preloading 0 native plugins for Editor in 0.00 ms.
Unloading 1426 Unused Serialized files (Serialized files now loaded: 0)
System memory in use before: 78.3 MB.
System memory in use after: 78.0 MB.

Unloading 14 unused Assets to reduce memory usage. Loaded Objects now: 1927.
Total: 2.602100 ms (FindLiveObjects: 0.196300 ms CreateObjectMapping: 0.055600 ms MarkObjects: 1.902600 ms  DeleteObjects: 0.446400 ms)

========================================================================
Received Import Request.
  Time since last request: 399.281907 seconds.
  path: Assets/MONQO Sci-fi Shotgun/_Prefab
  artifactKey: Guid(6f9b2f88d9757a54f9f68eaa3fc5ef7f) Importer(815301076,1909f56bfc062723c751e8b465ee728b)
Start importing Assets/MONQO Sci-fi Shotgun/_Prefab using Guid(6f9b2f88d9757a54f9f68eaa3fc5ef7f) Importer(815301076,1909f56bfc062723c751e8b465ee728b)  -> (artifact id: '57bf11e889d672d44d96b1bc127ab0c2') in 0.013832 seconds
  Import took 0.018339 seconds .

========================================================================
Received Prepare
Registering precompiled user dll's ...
Registered in 0.003491 seconds.
Begin MonoManager ReloadAssembly
Native extension for WindowsStandalone target not found
Refreshing native plugins compatible for Editor in 0.82 ms, found 3 plugins.
Preloading 0 native plugins for Editor in 0.00 ms.
Mono: successfully reloaded assembly
- Completed reload, in  1.822 seconds
Platform modules already initialized, skipping
Shader 'Effects/FPS_Pack/FPSGlass': fallback shader 'Effects/Distortion/Free/CullOff' not found
Refreshing native plugins compatible for Editor in 0.85 ms, found 3 plugins.
Preloading 0 native plugins for Editor in 0.00 ms.
Unloading 1426 Unused Serialized files (Serialized files now loaded: 0)
System memory in use before: 78.3 MB.
System memory in use after: 78.1 MB.

Unloading 14 unused Assets to reduce memory usage. Loaded Objects now: 1930.
Total: 3.375200 ms (FindLiveObjects: 0.234000 ms CreateObjectMapping: 0.118400 ms MarkObjects: 2.455300 ms  DeleteObjects: 0.565700 ms)

========================================================================
Received Prepare
Registering precompiled user dll's ...
Registered in 0.002240 seconds.
Begin MonoManager ReloadAssembly
Native extension for WindowsStandalone target not found
Refreshing native plugins compatible for Editor in 0.70 ms, found 3 plugins.
Preloading 0 native plugins for Editor in 0.00 ms.
Mono: successfully reloaded assembly
- Completed reload, in  0.929 seconds
Platform modules already initialized, skipping
Shader 'Effects/FPS_Pack/FPSGlass': fallback shader 'Effects/Distortion/Free/CullOff' not found
Refreshing native plugins compatible for Editor in 0.67 ms, found 3 plugins.
Preloading 0 native plugins for Editor in 0.00 ms.
Unloading 1426 Unused Serialized files (Serialized files now loaded: 0)
System memory in use before: 78.4 MB.
System memory in use after: 78.1 MB.

Unloading 14 unused Assets to reduce memory usage. Loaded Objects now: 1933.
Total: 2.346100 ms (FindLiveObjects: 0.209200 ms CreateObjectMapping: 0.056600 ms MarkObjects: 1.640600 ms  DeleteObjects: 0.438700 ms)

========================================================================
Received Prepare
Registering precompiled user dll's ...
Registered in 0.004894 seconds.
Begin MonoManager ReloadAssembly
Native extension for WindowsStandalone target not found
Refreshing native plugins compatible for Editor in 0.69 ms, found 3 plugins.
Preloading 0 native plugins for Editor in 0.00 ms.
Mono: successfully reloaded assembly
- Completed reload, in  1.037 seconds
Platform modules already initialized, skipping
Shader 'Effects/FPS_Pack/FPSGlass': fallback shader 'Effects/Distortion/Free/CullOff' not found
Refreshing native plugins compatible for Editor in 0.72 ms, found 3 plugins.
Preloading 0 native plugins for Editor in 0.00 ms.
Unloading 1426 Unused Serialized files (Serialized files now loaded: 0)
System memory in use before: 78.4 MB.
System memory in use after: 78.1 MB.

Unloading 14 unused Assets to reduce memory usage. Loaded Objects now: 1936.
Total: 3.064500 ms (FindLiveObjects: 0.183500 ms CreateObjectMapping: 0.069300 ms MarkObjects: 2.272000 ms  DeleteObjects: 0.538500 ms)

